# JRE version: OpenJDK Runtime Environment (8.0_152-b01) (build 1.8.0_152-release-1343-b01)
# Java VM: OpenJDK 64-Bit Server VM (25.152-b01 mixed mode windows-amd64 compressed oops)
Heap:
 PSYoungGen      total 35328K, used 32056K [0x00000000e0000000, 0x00000000e2a00000, 0x0000000100000000)
  eden space 30720K, 89% used [0x00000000e0000000,0x00000000e1ad0f80,0x00000000e1e00000)
  from space 4608K, 99% used [0x00000000e2380000,0x00000000e27fd0b0,0x00000000e2800000)
  to   space 5632K, 0% used [0x00000000e1e00000,0x00000000e1e00000,0x00000000e2380000)
 ParOldGen       total 42496K, used 2936K [0x00000000a0000000, 0x00000000a2980000, 0x00000000e0000000)
  object space 42496K, 6% used [0x00000000a0000000,0x00000000a02de348,0x00000000a2980000)
 Metaspace       used 14090K, capacity 14402K, committed 14592K, reserved 1062912K
  class space    used 1954K, capacity 2037K, committed 2048K, reserved 1048576K
GC Heap History (10 events):
Event: 2.874 GC heap before
{Heap before GC invocations=2 (full 0):
 PSYoungGen      total 18432K, used 18343K [0x00000000e0000000, 0x00000000e1480000, 0x0000000100000000)
  eden space 15872K, 100% used [0x00000000e0000000,0x00000000e0f80000,0x00000000e0f80000)
  from space 2560K, 96% used [0x00000000e0f80000,0x00000000e11e9de8,0x00000000e1200000)
  to   space 2560K, 0% used [0x00000000e1200000,0x00000000e1200000,0x00000000e1480000)
 ParOldGen       total 42496K, used 8K [0x00000000a0000000, 0x00000000a2980000, 0x00000000e0000000)
  object space 42496K, 0% used [0x00000000a0000000,0x00000000a0002000,0x00000000a2980000)
 Metaspace       used 7029K, capacity 7254K, committed 7424K, reserved 1056768K
  class space    used 855K, capacity 911K, committed 1024K, reserved 1048576K
Event: 2.881 GC heap after
Heap after GC invocations=2 (full 0):
 PSYoungGen      total 18432K, used 2538K [0x00000000e0000000, 0x00000000e1480000, 0x0000000100000000)
  eden space 15872K, 0% used [0x00000000e0000000,0x00000000e0000000,0x00000000e0f80000)
  from space 2560K, 99% used [0x00000000e1200000,0x00000000e147a860,0x00000000e1480000)
  to   space 2560K, 0% used [0x00000000e0f80000,0x00000000e0f80000,0x00000000e1200000)
 ParOldGen       total 42496K, used 729K [0x00000000a0000000, 0x00000000a2980000, 0x00000000e0000000)
  object space 42496K, 1% used [0x00000000a0000000,0x00000000a00b67b0,0x00000000a2980000)
 Metaspace       used 7029K, capacity 7254K, committed 7424K, reserved 1056768K
  class space    used 855K, capacity 911K, committed 1024K, reserved 1048576K
}
Event: 3.462 GC heap before
{Heap before GC invocations=3 (full 0):
 PSYoungGen      total 18432K, used 18410K [0x00000000e0000000, 0x00000000e1480000, 0x0000000100000000)
  eden space 15872K, 100% used [0x00000000e0000000,0x00000000e0f80000,0x00000000e0f80000)
  from space 2560K, 99% used [0x00000000e1200000,0x00000000e147a860,0x00000000e1480000)
  to   space 2560K, 0% used [0x00000000e0f80000,0x00000000e0f80000,0x00000000e1200000)
 ParOldGen       total 42496K, used 729K [0x00000000a0000000, 0x00000000a2980000, 0x00000000e0000000)
  object space 42496K, 1% used [0x00000000a0000000,0x00000000a00b67b0,0x00000000a2980000)
 Metaspace       used 7045K, capacity 7318K, committed 7680K, reserved 1056768K
  class space    used 855K, capacity 911K, committed 1024K, reserved 1048576K
Event: 3.464 GC heap after
Heap after GC invocations=3 (full 0):
 PSYoungGen      total 18432K, used 2096K [0x00000000e0000000, 0x00000000e1480000, 0x0000000100000000)
  eden space 15872K, 0% used [0x00000000e0000000,0x00000000e0000000,0x00000000e0f80000)
  from space 2560K, 81% used [0x00000000e0f80000,0x00000000e118c010,0x00000000e1200000)
  to   space 2560K, 0% used [0x00000000e1200000,0x00000000e1200000,0x00000000e1480000)
 ParOldGen       total 42496K, used 737K [0x00000000a0000000, 0x00000000a2980000, 0x00000000e0000000)
  object space 42496K, 1% used [0x00000000a0000000,0x00000000a00b87b0,0x00000000a2980000)
 Metaspace       used 7045K, capacity 7318K, committed 7680K, reserved 1056768K
  class space    used 855K, capacity 911K, committed 1024K, reserved 1048576K
}
Event: 4.139 GC heap before
{Heap before GC invocations=4 (full 0):
 PSYoungGen      total 18432K, used 17968K [0x00000000e0000000, 0x00000000e1480000, 0x0000000100000000)
  eden space 15872K, 100% used [0x00000000e0000000,0x00000000e0f80000,0x00000000e0f80000)
  from space 2560K, 81% used [0x00000000e0f80000,0x00000000e118c010,0x00000000e1200000)
  to   space 2560K, 0% used [0x00000000e1200000,0x00000000e1200000,0x00000000e1480000)
 ParOldGen       total 42496K, used 737K [0x00000000a0000000, 0x00000000a2980000, 0x00000000e0000000)
  object space 42496K, 1% used [0x00000000a0000000,0x00000000a00b87b0,0x00000000a2980000)
 Metaspace       used 7258K, capacity 7566K, committed 7680K, reserved 1056768K
  class space    used 885K, capacity 951K, committed 1024K, reserved 1048576K
Event: 4.152 GC heap after
Heap after GC invocations=4 (full 0):
 PSYoungGen      total 18432K, used 2528K [0x00000000e0000000, 0x00000000e1480000, 0x0000000100000000)
  eden space 15872K, 0% used [0x00000000e0000000,0x00000000e0000000,0x00000000e0f80000)
  from space 2560K, 98% used [0x00000000e1200000,0x00000000e1478020,0x00000000e1480000)
  to   space 2560K, 0% used [0x00000000e0f80000,0x00000000e0f80000,0x00000000e1200000)
 ParOldGen       total 42496K, used 1312K [0x00000000a0000000, 0x00000000a2980000, 0x00000000e0000000)
  object space 42496K, 3% used [0x00000000a0000000,0x00000000a01480e0,0x00000000a2980000)
 Metaspace       used 7258K, capacity 7566K, committed 7680K, reserved 1056768K
  class space    used 885K, capacity 951K, committed 1024K, reserved 1048576K
}
Event: 4.680 GC heap before
{Heap before GC invocations=5 (full 0):
 PSYoungGen      total 18432K, used 18400K [0x00000000e0000000, 0x00000000e1480000, 0x0000000100000000)
  eden space 15872K, 100% used [0x00000000e0000000,0x00000000e0f80000,0x00000000e0f80000)
  from space 2560K, 98% used [0x00000000e1200000,0x00000000e1478020,0x00000000e1480000)
  to   space 2560K, 0% used [0x00000000e0f80000,0x00000000e0f80000,0x00000000e1200000)
 ParOldGen       total 42496K, used 1312K [0x00000000a0000000, 0x00000000a2980000, 0x00000000e0000000)
  object space 42496K, 3% used [0x00000000a0000000,0x00000000a01480e0,0x00000000a2980000)
 Metaspace       used 8755K, capacity 9072K, committed 9216K, reserved 1056768K
  class space    used 1120K, capacity 1176K, committed 1280K, reserved 1048576K
Event: 4.708 GC heap after
Heap after GC invocations=5 (full 0):
 PSYoungGen      total 18432K, used 2548K [0x00000000e0000000, 0x00000000e2800000, 0x0000000100000000)
  eden space 15872K, 0% used [0x00000000e0000000,0x00000000e0000000,0x00000000e0f80000)
  from space 2560K, 99% used [0x00000000e0f80000,0x00000000e11fd0d0,0x00000000e1200000)
  to   space 4608K, 0% used [0x00000000e2380000,0x00000000e2380000,0x00000000e2800000)
 ParOldGen       total 42496K, used 2747K [0x00000000a0000000, 0x00000000a2980000, 0x00000000e0000000)
  object space 42496K, 6% used [0x00000000a0000000,0x00000000a02aef40,0x00000000a2980000)
 Metaspace       used 8755K, capacity 9072K, committed 9216K, reserved 1056768K
  class space    used 1120K, capacity 1176K, committed 1280K, reserved 1048576K
}
Event: 10.118 GC heap before
{Heap before GC invocations=6 (full 0):
 PSYoungGen      total 18432K, used 18420K [0x00000000e0000000, 0x00000000e2800000, 0x0000000100000000)
  eden space 15872K, 100% used [0x00000000e0000000,0x00000000e0f80000,0x00000000e0f80000)
  from space 2560K, 99% used [0x00000000e0f80000,0x00000000e11fd0d0,0x00000000e1200000)
  to   space 4608K, 0% used [0x00000000e2380000,0x00000000e2380000,0x00000000e2800000)
 ParOldGen       total 42496K, used 2747K [0x00000000a0000000, 0x00000000a2980000, 0x00000000e0000000)
  object space 42496K, 6% used [0x00000000a0000000,0x00000000a02aef40,0x00000000a2980000)
 Metaspace       used 11877K, capacity 12280K, committed 12544K, reserved 1060864K
  class space    used 1588K, capacity 1712K, committed 1792K, reserved 1048576K
Event: 10.133 GC heap after
Heap after GC invocations=6 (full 0):
 PSYoungGen      total 35328K, used 4596K [0x00000000e0000000, 0x00000000e2a00000, 0x0000000100000000)
  eden space 30720K, 0% used [0x00000000e0000000,0x00000000e0000000,0x00000000e1e00000)
  from space 4608K, 99% used [0x00000000e2380000,0x00000000e27fd0b0,0x00000000e2800000)
  to   space 5632K, 0% used [0x00000000e1e00000,0x00000000e1e00000,0x00000000e2380000)
 ParOldGen       total 42496K, used 2936K [0x00000000a0000000, 0x00000000a2980000, 0x00000000e0000000)
  object space 42496K, 6% used [0x00000000a0000000,0x00000000a02de348,0x00000000a2980000)
 Metaspace       used 11877K, capacity 12280K, committed 12544K, reserved 1060864K
  class space    used 1588K, capacity 1712K, committed 1792K, reserved 1048576K
}

