# JRE version: OpenJDK Runtime Environment (8.0_152-b01) (build 1.8.0_152-release-1343-b01)
# Java VM: OpenJDK 64-Bit Server VM (25.152-b01 mixed mode windows-amd64 compressed oops)
Heap:
 PSYoungGen      total 153600K, used 110913K [0x00000000e0000000, 0x00000000ea600000, 0x0000000100000000)
  eden space 138240K, 80% used [0x00000000e0000000,0x00000000e6c504d8,0x00000000e8700000)
  from space 15360K, 0% used [0x00000000e9580000,0x00000000e9580000,0x00000000ea480000)
  to   space 14848K, 0% used [0x00000000e8700000,0x00000000e8700000,0x00000000e9580000)
 ParOldGen       total 90112K, used 35511K [0x00000000a0000000, 0x00000000a5800000, 0x00000000e0000000)
  object space 90112K, 39% used [0x00000000a0000000,0x00000000a22add18,0x00000000a5800000)
 Metaspace       used 61991K, capacity 64182K, committed 64344K, reserved 1103872K
  class space    used 8528K, capacity 9054K, committed 9088K, reserved 1048576K
GC Heap History (10 events):
Event: 15.080 GC heap before
{Heap before GC invocations=17 (full 2):
 PSYoungGen      total 98816K, used 92672K [0x00000000e0000000, 0x00000000e6880000, 0x0000000100000000)
  eden space 92672K, 100% used [0x00000000e0000000,0x00000000e5a80000,0x00000000e5a80000)
  from space 6144K, 0% used [0x00000000e6280000,0x00000000e6280000,0x00000000e6880000)
  to   space 7168K, 0% used [0x00000000e5a80000,0x00000000e5a80000,0x00000000e6180000)
 ParOldGen       total 52736K, used 15730K [0x00000000a0000000, 0x00000000a3380000, 0x00000000e0000000)
  object space 52736K, 29% used [0x00000000a0000000,0x00000000a0f5c898,0x00000000a3380000)
 Metaspace       used 43765K, capacity 44676K, committed 45016K, reserved 1087488K
  class space    used 5856K, capacity 6079K, committed 6144K, reserved 1048576K
Event: 15.098 GC heap after
Heap after GC invocations=17 (full 2):
 PSYoungGen      total 99840K, used 7149K [0x00000000e0000000, 0x00000000e8500000, 0x0000000100000000)
  eden space 92672K, 0% used [0x00000000e0000000,0x00000000e0000000,0x00000000e5a80000)
  from space 7168K, 99% used [0x00000000e5a80000,0x00000000e617b408,0x00000000e6180000)
  to   space 9728K, 0% used [0x00000000e7b80000,0x00000000e7b80000,0x00000000e8500000)
 ParOldGen       total 52736K, used 20898K [0x00000000a0000000, 0x00000000a3380000, 0x00000000e0000000)
  object space 52736K, 39% used [0x00000000a0000000,0x00000000a1468af8,0x00000000a3380000)
 Metaspace       used 43765K, capacity 44676K, committed 45016K, reserved 1087488K
  class space    used 5856K, capacity 6079K, committed 6144K, reserved 1048576K
}
Event: 16.768 GC heap before
{Heap before GC invocations=18 (full 2):
 PSYoungGen      total 99840K, used 99821K [0x00000000e0000000, 0x00000000e8500000, 0x0000000100000000)
  eden space 92672K, 100% used [0x00000000e0000000,0x00000000e5a80000,0x00000000e5a80000)
  from space 7168K, 99% used [0x00000000e5a80000,0x00000000e617b408,0x00000000e6180000)
  to   space 9728K, 0% used [0x00000000e7b80000,0x00000000e7b80000,0x00000000e8500000)
 ParOldGen       total 52736K, used 20898K [0x00000000a0000000, 0x00000000a3380000, 0x00000000e0000000)
  object space 52736K, 39% used [0x00000000a0000000,0x00000000a1468af8,0x00000000a3380000)
 Metaspace       used 47084K, capacity 48466K, committed 48728K, reserved 1091584K
  class space    used 6323K, capacity 6719K, committed 6784K, reserved 1048576K
Event: 16.809 GC heap after
Heap after GC invocations=18 (full 2):
 PSYoungGen      total 125440K, used 9019K [0x00000000e0000000, 0x00000000e8a80000, 0x0000000100000000)
  eden space 115712K, 0% used [0x00000000e0000000,0x00000000e0000000,0x00000000e7100000)
  from space 9728K, 92% used [0x00000000e7b80000,0x00000000e844eff8,0x00000000e8500000)
  to   space 10752K, 0% used [0x00000000e7100000,0x00000000e7100000,0x00000000e7b80000)
 ParOldGen       total 52736K, used 26014K [0x00000000a0000000, 0x00000000a3380000, 0x00000000e0000000)
  object space 52736K, 49% used [0x00000000a0000000,0x00000000a1967b10,0x00000000a3380000)
 Metaspace       used 47084K, capacity 48466K, committed 48728K, reserved 1091584K
  class space    used 6323K, capacity 6719K, committed 6784K, reserved 1048576K
}
Event: 20.867 GC heap before
{Heap before GC invocations=19 (full 2):
 PSYoungGen      total 125440K, used 124731K [0x00000000e0000000, 0x00000000e8a80000, 0x0000000100000000)
  eden space 115712K, 100% used [0x00000000e0000000,0x00000000e7100000,0x00000000e7100000)
  from space 9728K, 92% used [0x00000000e7b80000,0x00000000e844eff8,0x00000000e8500000)
  to   space 10752K, 0% used [0x00000000e7100000,0x00000000e7100000,0x00000000e7b80000)
 ParOldGen       total 52736K, used 26014K [0x00000000a0000000, 0x00000000a3380000, 0x00000000e0000000)
  object space 52736K, 49% used [0x00000000a0000000,0x00000000a1967b10,0x00000000a3380000)
 Metaspace       used 55612K, capacity 57274K, committed 57432K, reserved 1099776K
  class space    used 7533K, capacity 7970K, committed 8064K, reserved 1048576K
Event: 20.906 GC heap after
Heap after GC invocations=19 (full 2):
 PSYoungGen      total 126464K, used 10730K [0x00000000e0000000, 0x00000000ea480000, 0x0000000100000000)
  eden space 115712K, 0% used [0x00000000e0000000,0x00000000e0000000,0x00000000e7100000)
  from space 10752K, 99% used [0x00000000e7100000,0x00000000e7b7a918,0x00000000e7b80000)
  to   space 15360K, 0% used [0x00000000e9580000,0x00000000e9580000,0x00000000ea480000)
 ParOldGen       total 52736K, used 34139K [0x00000000a0000000, 0x00000000a3380000, 0x00000000e0000000)
  object space 52736K, 64% used [0x00000000a0000000,0x00000000a2156e28,0x00000000a3380000)
 Metaspace       used 55612K, capacity 57274K, committed 57432K, reserved 1099776K
  class space    used 7533K, capacity 7970K, committed 8064K, reserved 1048576K
}
Event: 22.109 GC heap before
{Heap before GC invocations=20 (full 2):
 PSYoungGen      total 126464K, used 60822K [0x00000000e0000000, 0x00000000ea480000, 0x0000000100000000)
  eden space 115712K, 43% used [0x00000000e0000000,0x00000000e30eb0a8,0x00000000e7100000)
  from space 10752K, 99% used [0x00000000e7100000,0x00000000e7b7a918,0x00000000e7b80000)
  to   space 15360K, 0% used [0x00000000e9580000,0x00000000e9580000,0x00000000ea480000)
 ParOldGen       total 52736K, used 34139K [0x00000000a0000000, 0x00000000a3380000, 0x00000000e0000000)
  object space 52736K, 64% used [0x00000000a0000000,0x00000000a2156e28,0x00000000a3380000)
 Metaspace       used 57082K, capacity 58810K, committed 58968K, reserved 1099776K
  class space    used 7765K, capacity 8221K, committed 8320K, reserved 1048576K
Event: 22.140 GC heap after
Heap after GC invocations=20 (full 2):
 PSYoungGen      total 153600K, used 4138K [0x00000000e0000000, 0x00000000ea600000, 0x0000000100000000)
  eden space 138240K, 0% used [0x00000000e0000000,0x00000000e0000000,0x00000000e8700000)
  from space 15360K, 26% used [0x00000000e9580000,0x00000000e998a8e8,0x00000000ea480000)
  to   space 14848K, 0% used [0x00000000e8700000,0x00000000e8700000,0x00000000e9580000)
 ParOldGen       total 52736K, used 40072K [0x00000000a0000000, 0x00000000a3380000, 0x00000000e0000000)
  object space 52736K, 75% used [0x00000000a0000000,0x00000000a2722348,0x00000000a3380000)
 Metaspace       used 57082K, capacity 58810K, committed 58968K, reserved 1099776K
  class space    used 7765K, capacity 8221K, committed 8320K, reserved 1048576K
}
Event: 22.140 GC heap before
{Heap before GC invocations=21 (full 3):
 PSYoungGen      total 153600K, used 4138K [0x00000000e0000000, 0x00000000ea600000, 0x0000000100000000)
  eden space 138240K, 0% used [0x00000000e0000000,0x00000000e0000000,0x00000000e8700000)
  from space 15360K, 26% used [0x00000000e9580000,0x00000000e998a8e8,0x00000000ea480000)
  to   space 14848K, 0% used [0x00000000e8700000,0x00000000e8700000,0x00000000e9580000)
 ParOldGen       total 52736K, used 40072K [0x00000000a0000000, 0x00000000a3380000, 0x00000000e0000000)
  object space 52736K, 75% used [0x00000000a0000000,0x00000000a2722348,0x00000000a3380000)
 Metaspace       used 57082K, capacity 58810K, committed 58968K, reserved 1099776K
  class space    used 7765K, capacity 8221K, committed 8320K, reserved 1048576K
Event: 22.561 GC heap after
Heap after GC invocations=21 (full 3):
 PSYoungGen      total 153600K, used 0K [0x00000000e0000000, 0x00000000ea600000, 0x0000000100000000)
  eden space 138240K, 0% used [0x00000000e0000000,0x00000000e0000000,0x00000000e8700000)
  from space 15360K, 0% used [0x00000000e9580000,0x00000000e9580000,0x00000000ea480000)
  to   space 14848K, 0% used [0x00000000e8700000,0x00000000e8700000,0x00000000e9580000)
 ParOldGen       total 90112K, used 35511K [0x00000000a0000000, 0x00000000a5800000, 0x00000000e0000000)
  object space 90112K, 39% used [0x00000000a0000000,0x00000000a22add18,0x00000000a5800000)
 Metaspace       used 57082K, capacity 58810K, committed 58968K, reserved 1099776K
  class space    used 7765K, capacity 8221K, committed 8320K, reserved 1048576K
}

