# JRE version: OpenJDK Runtime Environment (8.0_152-b01) (build 1.8.0_152-release-1343-b01)
# Java VM: OpenJDK 64-Bit Server VM (25.152-b01 mixed mode windows-amd64 compressed oops)
Heap:
 PSYoungGen      total 162816K, used 101333K [0x00000000e0000000, 0x00000000eb900000, 0x0000000100000000)
  eden space 139264K, 62% used [0x00000000e0000000,0x00000000e5587238,0x00000000e8800000)
  from space 23552K, 58% used [0x00000000ea200000,0x00000000eaf6e320,0x00000000eb900000)
  to   space 25088K, 0% used [0x00000000e8800000,0x00000000e8800000,0x00000000ea080000)
 ParOldGen       total 95232K, used 53909K [0x00000000a0000000, 0x00000000a5d00000, 0x00000000e0000000)
  object space 95232K, 56% used [0x00000000a0000000,0x00000000a34a5708,0x00000000a5d00000)
 Metaspace       used 72346K, capacity 75348K, committed 75608K, reserved 1114112K
  class space    used 9635K, capacity 10310K, committed 10368K, reserved 1048576K
GC Heap History (10 events):
Event: 34.018 GC heap before
{Heap before GC invocations=21 (full 2):
 PSYoungGen      total 129024K, used 64555K [0x00000000e0000000, 0x00000000e9380000, 0x0000000100000000)
  eden space 115712K, 45% used [0x00000000e0000000,0x00000000e33b3970,0x00000000e7100000)
  from space 13312K, 87% used [0x00000000e7f80000,0x00000000e8ad75a8,0x00000000e8c80000)
  to   space 14848K, 0% used [0x00000000e7100000,0x00000000e7100000,0x00000000e7f80000)
 ParOldGen       total 55808K, used 31439K [0x00000000a0000000, 0x00000000a3680000, 0x00000000e0000000)
  object space 55808K, 56% used [0x00000000a0000000,0x00000000a1eb3ca8,0x00000000a3680000)
 Metaspace       used 57065K, capacity 58864K, committed 58968K, reserved 1099776K
  class space    used 7754K, capacity 8219K, committed 8320K, reserved 1048576K
Event: 34.036 GC heap after
Heap after GC invocations=21 (full 2):
 PSYoungGen      total 130560K, used 9900K [0x00000000e0000000, 0x00000000e9e80000, 0x0000000100000000)
  eden space 115712K, 0% used [0x00000000e0000000,0x00000000e0000000,0x00000000e7100000)
  from space 14848K, 66% used [0x00000000e7100000,0x00000000e7aab0f8,0x00000000e7f80000)
  to   space 15360K, 0% used [0x00000000e8f80000,0x00000000e8f80000,0x00000000e9e80000)
 ParOldGen       total 55808K, used 31447K [0x00000000a0000000, 0x00000000a3680000, 0x00000000e0000000)
  object space 55808K, 56% used [0x00000000a0000000,0x00000000a1eb5ca8,0x00000000a3680000)
 Metaspace       used 57065K, capacity 58864K, committed 58968K, reserved 1099776K
  class space    used 7754K, capacity 8219K, committed 8320K, reserved 1048576K
}
Event: 34.036 GC heap before
{Heap before GC invocations=22 (full 3):
 PSYoungGen      total 130560K, used 9900K [0x00000000e0000000, 0x00000000e9e80000, 0x0000000100000000)
  eden space 115712K, 0% used [0x00000000e0000000,0x00000000e0000000,0x00000000e7100000)
  from space 14848K, 66% used [0x00000000e7100000,0x00000000e7aab0f8,0x00000000e7f80000)
  to   space 15360K, 0% used [0x00000000e8f80000,0x00000000e8f80000,0x00000000e9e80000)
 ParOldGen       total 55808K, used 31447K [0x00000000a0000000, 0x00000000a3680000, 0x00000000e0000000)
  object space 55808K, 56% used [0x00000000a0000000,0x00000000a1eb5ca8,0x00000000a3680000)
 Metaspace       used 57065K, capacity 58864K, committed 58968K, reserved 1099776K
  class space    used 7754K, capacity 8219K, committed 8320K, reserved 1048576K
Event: 34.453 GC heap after
Heap after GC invocations=22 (full 3):
 PSYoungGen      total 130560K, used 0K [0x00000000e0000000, 0x00000000e9e80000, 0x0000000100000000)
  eden space 115712K, 0% used [0x00000000e0000000,0x00000000e0000000,0x00000000e7100000)
  from space 14848K, 0% used [0x00000000e7100000,0x00000000e7100000,0x00000000e7f80000)
  to   space 15360K, 0% used [0x00000000e8f80000,0x00000000e8f80000,0x00000000e9e80000)
 ParOldGen       total 95232K, used 35566K [0x00000000a0000000, 0x00000000a5d00000, 0x00000000e0000000)
  object space 95232K, 37% used [0x00000000a0000000,0x00000000a22bbb10,0x00000000a5d00000)
 Metaspace       used 57065K, capacity 58864K, committed 58968K, reserved 1099776K
  class space    used 7754K, capacity 8219K, committed 8320K, reserved 1048576K
}
Event: 72.039 GC heap before
{Heap before GC invocations=23 (full 3):
 PSYoungGen      total 130560K, used 115712K [0x00000000e0000000, 0x00000000e9e80000, 0x0000000100000000)
  eden space 115712K, 100% used [0x00000000e0000000,0x00000000e7100000,0x00000000e7100000)
  from space 14848K, 0% used [0x00000000e7100000,0x00000000e7100000,0x00000000e7f80000)
  to   space 15360K, 0% used [0x00000000e8f80000,0x00000000e8f80000,0x00000000e9e80000)
 ParOldGen       total 95232K, used 35566K [0x00000000a0000000, 0x00000000a5d00000, 0x00000000e0000000)
  object space 95232K, 37% used [0x00000000a0000000,0x00000000a22bbb10,0x00000000a5d00000)
 Metaspace       used 62330K, capacity 64636K, committed 64984K, reserved 1105920K
  class space    used 8576K, capacity 9094K, committed 9216K, reserved 1048576K
Event: 72.061 GC heap after
Heap after GC invocations=23 (full 3):
 PSYoungGen      total 140800K, used 10449K [0x00000000e0000000, 0x00000000e9c00000, 0x0000000100000000)
  eden space 128000K, 0% used [0x00000000e0000000,0x00000000e0000000,0x00000000e7d00000)
  from space 12800K, 81% used [0x00000000e8f80000,0x00000000e99b4450,0x00000000e9c00000)
  to   space 15872K, 0% used [0x00000000e7d00000,0x00000000e7d00000,0x00000000e8c80000)
 ParOldGen       total 95232K, used 35574K [0x00000000a0000000, 0x00000000a5d00000, 0x00000000e0000000)
  object space 95232K, 37% used [0x00000000a0000000,0x00000000a22bdb10,0x00000000a5d00000)
 Metaspace       used 62330K, capacity 64636K, committed 64984K, reserved 1105920K
  class space    used 8576K, capacity 9094K, committed 9216K, reserved 1048576K
}
Event: 78.294 GC heap before
{Heap before GC invocations=24 (full 3):
 PSYoungGen      total 140800K, used 137601K [0x00000000e0000000, 0x00000000e9c00000, 0x0000000100000000)
  eden space 128000K, 99% used [0x00000000e0000000,0x00000000e7c2c000,0x00000000e7d00000)
  from space 12800K, 81% used [0x00000000e8f80000,0x00000000e99b4450,0x00000000e9c00000)
  to   space 15872K, 0% used [0x00000000e7d00000,0x00000000e7d00000,0x00000000e8c80000)
 ParOldGen       total 95232K, used 35574K [0x00000000a0000000, 0x00000000a5d00000, 0x00000000e0000000)
  object space 95232K, 37% used [0x00000000a0000000,0x00000000a22bdb10,0x00000000a5d00000)
 Metaspace       used 67821K, capacity 70588K, committed 70872K, reserved 1110016K
  class space    used 9295K, capacity 9930K, committed 9984K, reserved 1048576K
Event: 78.331 GC heap after
Heap after GC invocations=24 (full 3):
 PSYoungGen      total 143872K, used 15871K [0x00000000e0000000, 0x00000000eba80000, 0x0000000100000000)
  eden space 128000K, 0% used [0x00000000e0000000,0x00000000e0000000,0x00000000e7d00000)
  from space 15872K, 99% used [0x00000000e7d00000,0x00000000e8c7ff68,0x00000000e8c80000)
  to   space 25088K, 0% used [0x00000000ea200000,0x00000000ea200000,0x00000000eba80000)
 ParOldGen       total 95232K, used 53901K [0x00000000a0000000, 0x00000000a5d00000, 0x00000000e0000000)
  object space 95232K, 56% used [0x00000000a0000000,0x00000000a34a3708,0x00000000a5d00000)
 Metaspace       used 67821K, capacity 70588K, committed 70872K, reserved 1110016K
  class space    used 9295K, capacity 9930K, committed 9984K, reserved 1048576K
}
Event: 85.418 GC heap before
{Heap before GC invocations=25 (full 3):
 PSYoungGen      total 143872K, used 143871K [0x00000000e0000000, 0x00000000eba80000, 0x0000000100000000)
  eden space 128000K, 100% used [0x00000000e0000000,0x00000000e7d00000,0x00000000e7d00000)
  from space 15872K, 99% used [0x00000000e7d00000,0x00000000e8c7ff68,0x00000000e8c80000)
  to   space 25088K, 0% used [0x00000000ea200000,0x00000000ea200000,0x00000000eba80000)
 ParOldGen       total 95232K, used 53901K [0x00000000a0000000, 0x00000000a5d00000, 0x00000000e0000000)
  object space 95232K, 56% used [0x00000000a0000000,0x00000000a34a3708,0x00000000a5d00000)
 Metaspace       used 69517K, capacity 72374K, committed 72664K, reserved 1112064K
  class space    used 9492K, capacity 10125K, committed 10240K, reserved 1048576K
Event: 85.441 GC heap after
Heap after GC invocations=25 (full 3):
 PSYoungGen      total 162816K, used 13752K [0x00000000e0000000, 0x00000000eb900000, 0x0000000100000000)
  eden space 139264K, 0% used [0x00000000e0000000,0x00000000e0000000,0x00000000e8800000)
  from space 23552K, 58% used [0x00000000ea200000,0x00000000eaf6e320,0x00000000eb900000)
  to   space 25088K, 0% used [0x00000000e8800000,0x00000000e8800000,0x00000000ea080000)
 ParOldGen       total 95232K, used 53909K [0x00000000a0000000, 0x00000000a5d00000, 0x00000000e0000000)
  object space 95232K, 56% used [0x00000000a0000000,0x00000000a34a5708,0x00000000a5d00000)
 Metaspace       used 69517K, capacity 72374K, committed 72664K, reserved 1112064K
  class space    used 9492K, capacity 10125K, committed 10240K, reserved 1048576K
}

