# JRE version: OpenJDK Runtime Environment (8.0_152-b01) (build 1.8.0_152-release-1343-b01)
# Java VM: OpenJDK 64-Bit Server VM (25.152-b01 mixed mode windows-amd64 compressed oops)
Heap:
 PSYoungGen      total 151552K, used 132426K [0x00000000e0000000, 0x00000000eb300000, 0x0000000100000000)
  eden space 133632K, 98% used [0x00000000e0000000,0x00000000e805e0e8,0x00000000e8280000)
  from space 17920K, 5% used [0x00000000e8280000,0x00000000e8374a88,0x00000000e9400000)
  to   space 17920K, 0% used [0x00000000ea180000,0x00000000ea180000,0x00000000eb300000)
 ParOldGen       total 86528K, used 51619K [0x00000000a0000000, 0x00000000a5480000, 0x00000000e0000000)
  object space 86528K, 59% used [0x00000000a0000000,0x00000000a3268fc0,0x00000000a5480000)
 Metaspace       used 70913K, capacity 73794K, committed 73944K, reserved 1114112K
  class space    used 9344K, capacity 9979K, committed 9984K, reserved 1048576K
GC Heap History (10 events):
Event: 36.581 GC heap before
{Heap before GC invocations=24 (full 2):
 PSYoungGen      total 108032K, used 23102K [0x00000000e0000000, 0x00000000e8a00000, 0x0000000100000000)
  eden space 96256K, 14% used [0x00000000e0000000,0x00000000e0d7f250,0x00000000e5e00000)
  from space 11776K, 78% used [0x00000000e5e00000,0x00000000e6710888,0x00000000e6980000)
  to   space 12800K, 0% used [0x00000000e7d80000,0x00000000e7d80000,0x00000000e8a00000)
 ParOldGen       total 51712K, used 33810K [0x00000000a0000000, 0x00000000a3280000, 0x00000000e0000000)
  object space 51712K, 65% used [0x00000000a0000000,0x00000000a2104b10,0x00000000a3280000)
 Metaspace       used 57029K, capacity 58860K, committed 58968K, reserved 1099776K
  class space    used 7761K, capacity 8219K, committed 8320K, reserved 1048576K
Event: 36.593 GC heap after
Heap after GC invocations=24 (full 2):
 PSYoungGen      total 128512K, used 1194K [0x00000000e0000000, 0x00000000e8d00000, 0x0000000100000000)
  eden space 115712K, 0% used [0x00000000e0000000,0x00000000e0000000,0x00000000e7100000)
  from space 12800K, 9% used [0x00000000e7d80000,0x00000000e7eaaa88,0x00000000e8a00000)
  to   space 12800K, 0% used [0x00000000e7100000,0x00000000e7100000,0x00000000e7d80000)
 ParOldGen       total 51712K, used 40621K [0x00000000a0000000, 0x00000000a3280000, 0x00000000e0000000)
  object space 51712K, 78% used [0x00000000a0000000,0x00000000a27ab7f8,0x00000000a3280000)
 Metaspace       used 57029K, capacity 58860K, committed 58968K, reserved 1099776K
  class space    used 7761K, capacity 8219K, committed 8320K, reserved 1048576K
}
Event: 36.593 GC heap before
{Heap before GC invocations=25 (full 3):
 PSYoungGen      total 128512K, used 1194K [0x00000000e0000000, 0x00000000e8d00000, 0x0000000100000000)
  eden space 115712K, 0% used [0x00000000e0000000,0x00000000e0000000,0x00000000e7100000)
  from space 12800K, 9% used [0x00000000e7d80000,0x00000000e7eaaa88,0x00000000e8a00000)
  to   space 12800K, 0% used [0x00000000e7100000,0x00000000e7100000,0x00000000e7d80000)
 ParOldGen       total 51712K, used 40621K [0x00000000a0000000, 0x00000000a3280000, 0x00000000e0000000)
  object space 51712K, 78% used [0x00000000a0000000,0x00000000a27ab7f8,0x00000000a3280000)
 Metaspace       used 57029K, capacity 58860K, committed 58968K, reserved 1099776K
  class space    used 7761K, capacity 8219K, committed 8320K, reserved 1048576K
Event: 36.959 GC heap after
Heap after GC invocations=25 (full 3):
 PSYoungGen      total 128512K, used 0K [0x00000000e0000000, 0x00000000e8d00000, 0x0000000100000000)
  eden space 115712K, 0% used [0x00000000e0000000,0x00000000e0000000,0x00000000e7100000)
  from space 12800K, 0% used [0x00000000e7d80000,0x00000000e7d80000,0x00000000e8a00000)
  to   space 12800K, 0% used [0x00000000e7100000,0x00000000e7100000,0x00000000e7d80000)
 ParOldGen       total 86528K, used 35025K [0x00000000a0000000, 0x00000000a5480000, 0x00000000e0000000)
  object space 86528K, 40% used [0x00000000a0000000,0x00000000a22346d0,0x00000000a5480000)
 Metaspace       used 57029K, capacity 58860K, committed 58968K, reserved 1099776K
  class space    used 7761K, capacity 8219K, committed 8320K, reserved 1048576K
}
Event: 41.250 GC heap before
{Heap before GC invocations=26 (full 3):
 PSYoungGen      total 128512K, used 115712K [0x00000000e0000000, 0x00000000e8d00000, 0x0000000100000000)
  eden space 115712K, 100% used [0x00000000e0000000,0x00000000e7100000,0x00000000e7100000)
  from space 12800K, 0% used [0x00000000e7d80000,0x00000000e7d80000,0x00000000e8a00000)
  to   space 12800K, 0% used [0x00000000e7100000,0x00000000e7100000,0x00000000e7d80000)
 ParOldGen       total 86528K, used 35025K [0x00000000a0000000, 0x00000000a5480000, 0x00000000e0000000)
  object space 86528K, 40% used [0x00000000a0000000,0x00000000a22346d0,0x00000000a5480000)
 Metaspace       used 62256K, capacity 64676K, committed 64984K, reserved 1105920K
  class space    used 8576K, capacity 9154K, committed 9216K, reserved 1048576K
Event: 41.278 GC heap after
Heap after GC invocations=26 (full 3):
 PSYoungGen      total 128512K, used 10538K [0x00000000e0000000, 0x00000000ea180000, 0x0000000100000000)
  eden space 115712K, 0% used [0x00000000e0000000,0x00000000e0000000,0x00000000e7100000)
  from space 12800K, 82% used [0x00000000e7100000,0x00000000e7b4ab28,0x00000000e7d80000)
  to   space 13824K, 0% used [0x00000000e9400000,0x00000000e9400000,0x00000000ea180000)
 ParOldGen       total 86528K, used 35033K [0x00000000a0000000, 0x00000000a5480000, 0x00000000e0000000)
  object space 86528K, 40% used [0x00000000a0000000,0x00000000a22366d0,0x00000000a5480000)
 Metaspace       used 62256K, capacity 64676K, committed 64984K, reserved 1105920K
  class space    used 8576K, capacity 9154K, committed 9216K, reserved 1048576K
}
Event: 121.988 GC heap before
{Heap before GC invocations=27 (full 3):
 PSYoungGen      total 128512K, used 126250K [0x00000000e0000000, 0x00000000ea180000, 0x0000000100000000)
  eden space 115712K, 100% used [0x00000000e0000000,0x00000000e7100000,0x00000000e7100000)
  from space 12800K, 82% used [0x00000000e7100000,0x00000000e7b4ab28,0x00000000e7d80000)
  to   space 13824K, 0% used [0x00000000e9400000,0x00000000e9400000,0x00000000ea180000)
 ParOldGen       total 86528K, used 35033K [0x00000000a0000000, 0x00000000a5480000, 0x00000000e0000000)
  object space 86528K, 40% used [0x00000000a0000000,0x00000000a22366d0,0x00000000a5480000)
 Metaspace       used 69292K, capacity 71942K, committed 72152K, reserved 1112064K
  class space    used 9290K, capacity 9899K, committed 9984K, reserved 1048576K
Event: 122.017 GC heap after
Heap after GC invocations=27 (full 3):
 PSYoungGen      total 147456K, used 13810K [0x00000000e0000000, 0x00000000ea680000, 0x0000000100000000)
  eden space 133632K, 0% used [0x00000000e0000000,0x00000000e0000000,0x00000000e8280000)
  from space 13824K, 99% used [0x00000000e9400000,0x00000000ea17c870,0x00000000ea180000)
  to   space 17920K, 0% used [0x00000000e8280000,0x00000000e8280000,0x00000000e9400000)
 ParOldGen       total 86528K, used 39617K [0x00000000a0000000, 0x00000000a5480000, 0x00000000e0000000)
  object space 86528K, 45% used [0x00000000a0000000,0x00000000a26b04d8,0x00000000a5480000)
 Metaspace       used 69292K, capacity 71942K, committed 72152K, reserved 1112064K
  class space    used 9290K, capacity 9899K, committed 9984K, reserved 1048576K
}
Event: 3290.308 GC heap before
{Heap before GC invocations=28 (full 3):
 PSYoungGen      total 147456K, used 147442K [0x00000000e0000000, 0x00000000ea680000, 0x0000000100000000)
  eden space 133632K, 100% used [0x00000000e0000000,0x00000000e8280000,0x00000000e8280000)
  from space 13824K, 99% used [0x00000000e9400000,0x00000000ea17c870,0x00000000ea180000)
  to   space 17920K, 0% used [0x00000000e8280000,0x00000000e8280000,0x00000000e9400000)
 ParOldGen       total 86528K, used 39617K [0x00000000a0000000, 0x00000000a5480000, 0x00000000e0000000)
  object space 86528K, 45% used [0x00000000a0000000,0x00000000a26b04d8,0x00000000a5480000)
 Metaspace       used 70368K, capacity 73146K, committed 73432K, reserved 1112064K
  class space    used 9306K, capacity 9921K, committed 9984K, reserved 1048576K
Event: 3290.843 GC heap after
Heap after GC invocations=28 (full 3):
 PSYoungGen      total 151552K, used 978K [0x00000000e0000000, 0x00000000eb300000, 0x0000000100000000)
  eden space 133632K, 0% used [0x00000000e0000000,0x00000000e0000000,0x00000000e8280000)
  from space 17920K, 5% used [0x00000000e8280000,0x00000000e8374a88,0x00000000e9400000)
  to   space 17920K, 0% used [0x00000000ea180000,0x00000000ea180000,0x00000000eb300000)
 ParOldGen       total 86528K, used 51619K [0x00000000a0000000, 0x00000000a5480000, 0x00000000e0000000)
  object space 86528K, 59% used [0x00000000a0000000,0x00000000a3268fc0,0x00000000a5480000)
 Metaspace       used 70368K, capacity 73146K, committed 73432K, reserved 1112064K
  class space    used 9306K, capacity 9921K, committed 9984K, reserved 1048576K
}

