# JRE version: OpenJDK Runtime Environment (8.0_152-b01) (build 1.8.0_152-release-1343-b01)
# Java VM: OpenJDK 64-Bit Server VM (25.152-b01 mixed mode windows-amd64 compressed oops)
Heap:
 PSYoungGen      total 113664K, used 37055K [0x00000000e0000000, 0x00000000e8c80000, 0x0000000100000000)
  eden space 98304K, 22% used [0x00000000e0000000,0x00000000e1531b28,0x00000000e6000000)
  from space 15360K, 99% used [0x00000000e6000000,0x00000000e6efe158,0x00000000e6f00000)
  to   space 19456K, 0% used [0x00000000e7980000,0x00000000e7980000,0x00000000e8c80000)
 ParOldGen       total 99840K, used 43024K [0x00000000a0000000, 0x00000000a6180000, 0x00000000e0000000)
  object space 99840K, 43% used [0x00000000a0000000,0x00000000a2a04010,0x00000000a6180000)
 Metaspace       used 70045K, capacity 72746K, committed 72920K, reserved 1112064K
  class space    used 9289K, capacity 9908K, committed 9984K, reserved 1048576K
GC Heap History (10 events):
Event: 62.412 GC heap before
{Heap before GC invocations=24 (full 2):
 PSYoungGen      total 89088K, used 76500K [0x00000000e0000000, 0x00000000e7100000, 0x0000000100000000)
  eden space 78336K, 83% used [0x00000000e0000000,0x00000000e403c188,0x00000000e4c80000)
  from space 10752K, 99% used [0x00000000e4c80000,0x00000000e56f9250,0x00000000e5700000)
  to   space 12800K, 0% used [0x00000000e6480000,0x00000000e6480000,0x00000000e7100000)
 ParOldGen       total 58880K, used 30011K [0x00000000a0000000, 0x00000000a3980000, 0x00000000e0000000)
  object space 58880K, 50% used [0x00000000a0000000,0x00000000a1d4ed10,0x00000000a3980000)
 Metaspace       used 57030K, capacity 58866K, committed 58968K, reserved 1099776K
  class space    used 7749K, capacity 8221K, committed 8320K, reserved 1048576K
Event: 62.465 GC heap after
Heap after GC invocations=24 (full 2):
 PSYoungGen      total 102912K, used 5799K [0x00000000e0000000, 0x00000000e7080000, 0x0000000100000000)
  eden space 90624K, 0% used [0x00000000e0000000,0x00000000e0000000,0x00000000e5880000)
  from space 12288K, 47% used [0x00000000e6480000,0x00000000e6a29c78,0x00000000e7080000)
  to   space 12288K, 0% used [0x00000000e5880000,0x00000000e5880000,0x00000000e6480000)
 ParOldGen       total 58880K, used 37872K [0x00000000a0000000, 0x00000000a3980000, 0x00000000e0000000)
  object space 58880K, 64% used [0x00000000a0000000,0x00000000a24fc1c8,0x00000000a3980000)
 Metaspace       used 57030K, capacity 58866K, committed 58968K, reserved 1099776K
  class space    used 7749K, capacity 8221K, committed 8320K, reserved 1048576K
}
Event: 62.465 GC heap before
{Heap before GC invocations=25 (full 3):
 PSYoungGen      total 102912K, used 5799K [0x00000000e0000000, 0x00000000e7080000, 0x0000000100000000)
  eden space 90624K, 0% used [0x00000000e0000000,0x00000000e0000000,0x00000000e5880000)
  from space 12288K, 47% used [0x00000000e6480000,0x00000000e6a29c78,0x00000000e7080000)
  to   space 12288K, 0% used [0x00000000e5880000,0x00000000e5880000,0x00000000e6480000)
 ParOldGen       total 58880K, used 37872K [0x00000000a0000000, 0x00000000a3980000, 0x00000000e0000000)
  object space 58880K, 64% used [0x00000000a0000000,0x00000000a24fc1c8,0x00000000a3980000)
 Metaspace       used 57030K, capacity 58866K, committed 58968K, reserved 1099776K
  class space    used 7749K, capacity 8221K, committed 8320K, reserved 1048576K
Event: 63.363 GC heap after
Heap after GC invocations=25 (full 3):
 PSYoungGen      total 102912K, used 0K [0x00000000e0000000, 0x00000000e7080000, 0x0000000100000000)
  eden space 90624K, 0% used [0x00000000e0000000,0x00000000e0000000,0x00000000e5880000)
  from space 12288K, 0% used [0x00000000e6480000,0x00000000e6480000,0x00000000e7080000)
  to   space 12288K, 0% used [0x00000000e5880000,0x00000000e5880000,0x00000000e6480000)
 ParOldGen       total 99840K, used 35546K [0x00000000a0000000, 0x00000000a6180000, 0x00000000e0000000)
  object space 99840K, 35% used [0x00000000a0000000,0x00000000a22b6a00,0x00000000a6180000)
 Metaspace       used 57030K, capacity 58866K, committed 58968K, reserved 1099776K
  class space    used 7749K, capacity 8221K, committed 8320K, reserved 1048576K
}
Event: 69.257 GC heap before
{Heap before GC invocations=26 (full 3):
 PSYoungGen      total 102912K, used 90624K [0x00000000e0000000, 0x00000000e7080000, 0x0000000100000000)
  eden space 90624K, 100% used [0x00000000e0000000,0x00000000e5880000,0x00000000e5880000)
  from space 12288K, 0% used [0x00000000e6480000,0x00000000e6480000,0x00000000e7080000)
  to   space 12288K, 0% used [0x00000000e5880000,0x00000000e5880000,0x00000000e6480000)
 ParOldGen       total 99840K, used 35546K [0x00000000a0000000, 0x00000000a6180000, 0x00000000e0000000)
  object space 99840K, 35% used [0x00000000a0000000,0x00000000a22b6a00,0x00000000a6180000)
 Metaspace       used 61599K, capacity 63932K, committed 64088K, reserved 1103872K
  class space    used 8464K, capacity 9029K, committed 9088K, reserved 1048576K
Event: 69.275 GC heap after
Heap after GC invocations=26 (full 3):
 PSYoungGen      total 102912K, used 8466K [0x00000000e0000000, 0x00000000e7b80000, 0x0000000100000000)
  eden space 90624K, 0% used [0x00000000e0000000,0x00000000e0000000,0x00000000e5880000)
  from space 12288K, 68% used [0x00000000e5880000,0x00000000e60c4b48,0x00000000e6480000)
  to   space 12800K, 0% used [0x00000000e6f00000,0x00000000e6f00000,0x00000000e7b80000)
 ParOldGen       total 99840K, used 35554K [0x00000000a0000000, 0x00000000a6180000, 0x00000000e0000000)
  object space 99840K, 35% used [0x00000000a0000000,0x00000000a22b8a00,0x00000000a6180000)
 Metaspace       used 61599K, capacity 63932K, committed 64088K, reserved 1103872K
  class space    used 8464K, capacity 9029K, committed 9088K, reserved 1048576K
}
Event: 85.487 GC heap before
{Heap before GC invocations=27 (full 3):
 PSYoungGen      total 102912K, used 99090K [0x00000000e0000000, 0x00000000e7b80000, 0x0000000100000000)
  eden space 90624K, 100% used [0x00000000e0000000,0x00000000e5880000,0x00000000e5880000)
  from space 12288K, 68% used [0x00000000e5880000,0x00000000e60c4b48,0x00000000e6480000)
  to   space 12800K, 0% used [0x00000000e6f00000,0x00000000e6f00000,0x00000000e7b80000)
 ParOldGen       total 99840K, used 35554K [0x00000000a0000000, 0x00000000a6180000, 0x00000000e0000000)
  object space 99840K, 35% used [0x00000000a0000000,0x00000000a22b8a00,0x00000000a6180000)
 Metaspace       used 65615K, capacity 68180K, committed 68440K, reserved 1107968K
  class space    used 8977K, capacity 9571K, committed 9600K, reserved 1048576K
Event: 85.521 GC heap after
Heap after GC invocations=27 (full 3):
 PSYoungGen      total 111104K, used 12771K [0x00000000e0000000, 0x00000000e7f00000, 0x0000000100000000)
  eden space 98304K, 0% used [0x00000000e0000000,0x00000000e0000000,0x00000000e6000000)
  from space 12800K, 99% used [0x00000000e6f00000,0x00000000e7b78c28,0x00000000e7b80000)
  to   space 15360K, 0% used [0x00000000e6000000,0x00000000e6000000,0x00000000e6f00000)
 ParOldGen       total 99840K, used 37438K [0x00000000a0000000, 0x00000000a6180000, 0x00000000e0000000)
  object space 99840K, 37% used [0x00000000a0000000,0x00000000a248f9d0,0x00000000a6180000)
 Metaspace       used 65615K, capacity 68180K, committed 68440K, reserved 1107968K
  class space    used 8977K, capacity 9571K, committed 9600K, reserved 1048576K
}
Event: 162.523 GC heap before
{Heap before GC invocations=28 (full 3):
 PSYoungGen      total 111104K, used 111075K [0x00000000e0000000, 0x00000000e7f00000, 0x0000000100000000)
  eden space 98304K, 100% used [0x00000000e0000000,0x00000000e6000000,0x00000000e6000000)
  from space 12800K, 99% used [0x00000000e6f00000,0x00000000e7b78c28,0x00000000e7b80000)
  to   space 15360K, 0% used [0x00000000e6000000,0x00000000e6000000,0x00000000e6f00000)
 ParOldGen       total 99840K, used 37438K [0x00000000a0000000, 0x00000000a6180000, 0x00000000e0000000)
  object space 99840K, 37% used [0x00000000a0000000,0x00000000a248f9d0,0x00000000a6180000)
 Metaspace       used 69940K, capacity 72664K, committed 72920K, reserved 1112064K
  class space    used 9288K, capacity 9907K, committed 9984K, reserved 1048576K
Event: 162.881 GC heap after
Heap after GC invocations=28 (full 3):
 PSYoungGen      total 113664K, used 15352K [0x00000000e0000000, 0x00000000e8c80000, 0x0000000100000000)
  eden space 98304K, 0% used [0x00000000e0000000,0x00000000e0000000,0x00000000e6000000)
  from space 15360K, 99% used [0x00000000e6000000,0x00000000e6efe158,0x00000000e6f00000)
  to   space 19456K, 0% used [0x00000000e7980000,0x00000000e7980000,0x00000000e8c80000)
 ParOldGen       total 99840K, used 43024K [0x00000000a0000000, 0x00000000a6180000, 0x00000000e0000000)
  object space 99840K, 43% used [0x00000000a0000000,0x00000000a2a04010,0x00000000a6180000)
 Metaspace       used 69940K, capacity 72664K, committed 72920K, reserved 1112064K
  class space    used 9288K, capacity 9907K, committed 9984K, reserved 1048576K
}

