# JRE version: OpenJDK Runtime Environment (8.0_152-b01) (build 1.8.0_152-release-1343-b01)
# Java VM: OpenJDK 64-Bit Server VM (25.152-b01 mixed mode windows-amd64 compressed oops)
Heap:
 PSYoungGen      total 91648K, used 22445K [0x00000000e0000000, 0x00000000e6100000, 0x0000000100000000)
  eden space 83968K, 17% used [0x00000000e0000000,0x00000000e0e6d878,0x00000000e5200000)
  from space 7680K, 99% used [0x00000000e5200000,0x00000000e597dc48,0x00000000e5980000)
  to   space 5632K, 0% used [0x00000000e5b00000,0x00000000e5b00000,0x00000000e6080000)
 ParOldGen       total 52736K, used 24714K [0x00000000a0000000, 0x00000000a3380000, 0x00000000e0000000)
  object space 52736K, 46% used [0x00000000a0000000,0x00000000a18229d8,0x00000000a3380000)
 Metaspace       used 46460K, capacity 47682K, committed 47832K, reserved 1091584K
  class space    used 6241K, capacity 6564K, committed 6656K, reserved 1048576K
GC Heap History (10 events):
Event: 18.443 GC heap before
{Heap before GC invocations=17 (full 1):
 PSYoungGen      total 58368K, used 56382K [0x00000000e0000000, 0x00000000e5100000, 0x0000000100000000)
  eden space 52736K, 100% used [0x00000000e0000000,0x00000000e3380000,0x00000000e3380000)
  from space 5632K, 64% used [0x00000000e3380000,0x00000000e370f968,0x00000000e3900000)
  to   space 5632K, 0% used [0x00000000e4b80000,0x00000000e4b80000,0x00000000e5100000)
 ParOldGen       total 32256K, used 12523K [0x00000000a0000000, 0x00000000a1f80000, 0x00000000e0000000)
  object space 32256K, 38% used [0x00000000a0000000,0x00000000a0c3acd0,0x00000000a1f80000)
 Metaspace       used 33838K, capacity 34536K, committed 34816K, reserved 1079296K
  class space    used 4626K, capacity 4814K, committed 4864K, reserved 1048576K
Event: 18.457 GC heap after
Heap after GC invocations=17 (full 1):
 PSYoungGen      total 76288K, used 3485K [0x00000000e0000000, 0x00000000e5080000, 0x0000000100000000)
  eden space 71168K, 0% used [0x00000000e0000000,0x00000000e0000000,0x00000000e4580000)
  from space 5120K, 68% used [0x00000000e4b80000,0x00000000e4ee77d8,0x00000000e5080000)
  to   space 5632K, 0% used [0x00000000e4580000,0x00000000e4580000,0x00000000e4b00000)
 ParOldGen       total 32256K, used 14006K [0x00000000a0000000, 0x00000000a1f80000, 0x00000000e0000000)
  object space 32256K, 43% used [0x00000000a0000000,0x00000000a0dad8c0,0x00000000a1f80000)
 Metaspace       used 33838K, capacity 34536K, committed 34816K, reserved 1079296K
  class space    used 4626K, capacity 4814K, committed 4864K, reserved 1048576K
}
Event: 19.314 GC heap before
{Heap before GC invocations=18 (full 1):
 PSYoungGen      total 76288K, used 18762K [0x00000000e0000000, 0x00000000e5080000, 0x0000000100000000)
  eden space 71168K, 21% used [0x00000000e0000000,0x00000000e0eeb0e8,0x00000000e4580000)
  from space 5120K, 68% used [0x00000000e4b80000,0x00000000e4ee77d8,0x00000000e5080000)
  to   space 5632K, 0% used [0x00000000e4580000,0x00000000e4580000,0x00000000e4b00000)
 ParOldGen       total 32256K, used 14006K [0x00000000a0000000, 0x00000000a1f80000, 0x00000000e0000000)
  object space 32256K, 43% used [0x00000000a0000000,0x00000000a0dad8c0,0x00000000a1f80000)
 Metaspace       used 34512K, capacity 35318K, committed 35416K, reserved 1079296K
  class space    used 4705K, capacity 4943K, committed 4992K, reserved 1048576K
Event: 19.324 GC heap after
Heap after GC invocations=18 (full 1):
 PSYoungGen      total 76800K, used 1552K [0x00000000e0000000, 0x00000000e6080000, 0x0000000100000000)
  eden space 71168K, 0% used [0x00000000e0000000,0x00000000e0000000,0x00000000e4580000)
  from space 5632K, 27% used [0x00000000e4580000,0x00000000e47042c8,0x00000000e4b00000)
  to   space 5632K, 0% used [0x00000000e5b00000,0x00000000e5b00000,0x00000000e6080000)
 ParOldGen       total 32256K, used 15060K [0x00000000a0000000, 0x00000000a1f80000, 0x00000000e0000000)
  object space 32256K, 46% used [0x00000000a0000000,0x00000000a0eb5160,0x00000000a1f80000)
 Metaspace       used 34512K, capacity 35318K, committed 35416K, reserved 1079296K
  class space    used 4705K, capacity 4943K, committed 4992K, reserved 1048576K
}
Event: 19.324 GC heap before
{Heap before GC invocations=19 (full 2):
 PSYoungGen      total 76800K, used 1552K [0x00000000e0000000, 0x00000000e6080000, 0x0000000100000000)
  eden space 71168K, 0% used [0x00000000e0000000,0x00000000e0000000,0x00000000e4580000)
  from space 5632K, 27% used [0x00000000e4580000,0x00000000e47042c8,0x00000000e4b00000)
  to   space 5632K, 0% used [0x00000000e5b00000,0x00000000e5b00000,0x00000000e6080000)
 ParOldGen       total 32256K, used 15060K [0x00000000a0000000, 0x00000000a1f80000, 0x00000000e0000000)
  object space 32256K, 46% used [0x00000000a0000000,0x00000000a0eb5160,0x00000000a1f80000)
 Metaspace       used 34512K, capacity 35318K, committed 35416K, reserved 1079296K
  class space    used 4705K, capacity 4943K, committed 4992K, reserved 1048576K
Event: 19.467 GC heap after
Heap after GC invocations=19 (full 2):
 PSYoungGen      total 76800K, used 0K [0x00000000e0000000, 0x00000000e6080000, 0x0000000100000000)
  eden space 71168K, 0% used [0x00000000e0000000,0x00000000e0000000,0x00000000e4580000)
  from space 5632K, 0% used [0x00000000e4580000,0x00000000e4580000,0x00000000e4b00000)
  to   space 5632K, 0% used [0x00000000e5b00000,0x00000000e5b00000,0x00000000e6080000)
 ParOldGen       total 52736K, used 15363K [0x00000000a0000000, 0x00000000a3380000, 0x00000000e0000000)
  object space 52736K, 29% used [0x00000000a0000000,0x00000000a0f00e40,0x00000000a3380000)
 Metaspace       used 34512K, capacity 35318K, committed 35416K, reserved 1079296K
  class space    used 4705K, capacity 4943K, committed 4992K, reserved 1048576K
}
Event: 22.553 GC heap before
{Heap before GC invocations=20 (full 2):
 PSYoungGen      total 76800K, used 71168K [0x00000000e0000000, 0x00000000e6080000, 0x0000000100000000)
  eden space 71168K, 100% used [0x00000000e0000000,0x00000000e4580000,0x00000000e4580000)
  from space 5632K, 0% used [0x00000000e4580000,0x00000000e4580000,0x00000000e4b00000)
  to   space 5632K, 0% used [0x00000000e5b00000,0x00000000e5b00000,0x00000000e6080000)
 ParOldGen       total 52736K, used 15363K [0x00000000a0000000, 0x00000000a3380000, 0x00000000e0000000)
  object space 52736K, 29% used [0x00000000a0000000,0x00000000a0f00e40,0x00000000a3380000)
 Metaspace       used 42217K, capacity 43284K, committed 43608K, reserved 1087488K
  class space    used 5683K, capacity 5945K, committed 6016K, reserved 1048576K
Event: 22.589 GC heap after
Heap after GC invocations=20 (full 2):
 PSYoungGen      total 89600K, used 5616K [0x00000000e0000000, 0x00000000e6100000, 0x0000000100000000)
  eden space 83968K, 0% used [0x00000000e0000000,0x00000000e0000000,0x00000000e5200000)
  from space 5632K, 99% used [0x00000000e5b00000,0x00000000e607c338,0x00000000e6080000)
  to   space 7680K, 0% used [0x00000000e5200000,0x00000000e5200000,0x00000000e5980000)
 ParOldGen       total 52736K, used 19279K [0x00000000a0000000, 0x00000000a3380000, 0x00000000e0000000)
  object space 52736K, 36% used [0x00000000a0000000,0x00000000a12d3e30,0x00000000a3380000)
 Metaspace       used 42217K, capacity 43284K, committed 43608K, reserved 1087488K
  class space    used 5683K, capacity 5945K, committed 6016K, reserved 1048576K
}
Event: 25.118 GC heap before
{Heap before GC invocations=21 (full 2):
 PSYoungGen      total 89600K, used 89584K [0x00000000e0000000, 0x00000000e6100000, 0x0000000100000000)
  eden space 83968K, 100% used [0x00000000e0000000,0x00000000e5200000,0x00000000e5200000)
  from space 5632K, 99% used [0x00000000e5b00000,0x00000000e607c338,0x00000000e6080000)
  to   space 7680K, 0% used [0x00000000e5200000,0x00000000e5200000,0x00000000e5980000)
 ParOldGen       total 52736K, used 19279K [0x00000000a0000000, 0x00000000a3380000, 0x00000000e0000000)
  object space 52736K, 36% used [0x00000000a0000000,0x00000000a12d3e30,0x00000000a3380000)
 Metaspace       used 46390K, capacity 47508K, committed 47832K, reserved 1091584K
  class space    used 6225K, capacity 6551K, committed 6656K, reserved 1048576K
Event: 25.145 GC heap after
Heap after GC invocations=21 (full 2):
 PSYoungGen      total 91648K, used 7671K [0x00000000e0000000, 0x00000000e6100000, 0x0000000100000000)
  eden space 83968K, 0% used [0x00000000e0000000,0x00000000e0000000,0x00000000e5200000)
  from space 7680K, 99% used [0x00000000e5200000,0x00000000e597dc48,0x00000000e5980000)
  to   space 5632K, 0% used [0x00000000e5b00000,0x00000000e5b00000,0x00000000e6080000)
 ParOldGen       total 52736K, used 24714K [0x00000000a0000000, 0x00000000a3380000, 0x00000000e0000000)
  object space 52736K, 46% used [0x00000000a0000000,0x00000000a18229d8,0x00000000a3380000)
 Metaspace       used 46390K, capacity 47508K, committed 47832K, reserved 1091584K
  class space    used 6225K, capacity 6551K, committed 6656K, reserved 1048576K
}

