# JRE version: OpenJDK Runtime Environment (8.0_152-b01) (build 1.8.0_152-release-1343-b01)
# Java VM: OpenJDK 64-Bit Server VM (25.152-b01 mixed mode windows-amd64 compressed oops)
Heap:
 PSYoungGen      total 311808K, used 276308K [0x00000000e0000000, 0x00000000fd680000, 0x0000000100000000)
  eden space 291328K, 91% used [0x00000000e0000000,0x00000000f02ee2e0,0x00000000f1c80000)
  from space 20480K, 54% used [0x00000000f1c80000,0x00000000f2766e50,0x00000000f3080000)
  to   space 34816K, 0% used [0x00000000fb480000,0x00000000fb480000,0x00000000fd680000)
 ParOldGen       total 117248K, used 72400K [0x00000000a0000000, 0x00000000a7280000, 0x00000000e0000000)
  object space 117248K, 61% used [0x00000000a0000000,0x00000000a46b42a8,0x00000000a7280000)
 Metaspace       used 72735K, capacity 75658K, committed 75864K, reserved 1114112K
  class space    used 9627K, capacity 10295K, committed 10368K, reserved 1048576K
GC Heap History (10 events):
Event: 20.654 GC heap before
{Heap before GC invocations=13 (full 2):
 PSYoungGen      total 205824K, used 193536K [0x00000000e0000000, 0x00000000ed880000, 0x0000000100000000)
  eden space 193536K, 100% used [0x00000000e0000000,0x00000000ebd00000,0x00000000ebd00000)
  from space 12288K, 0% used [0x00000000eca80000,0x00000000eca80000,0x00000000ed680000)
  to   space 13824K, 0% used [0x00000000ebd00000,0x00000000ebd00000,0x00000000eca80000)
 ParOldGen       total 40960K, used 17792K [0x00000000a0000000, 0x00000000a2800000, 0x00000000e0000000)
  object space 40960K, 43% used [0x00000000a0000000,0x00000000a11603f8,0x00000000a2800000)
 Metaspace       used 48858K, capacity 50324K, committed 50520K, reserved 1093632K
  class space    used 6554K, capacity 6947K, committed 7040K, reserved 1048576K
Event: 20.711 GC heap after
Heap after GC invocations=13 (full 2):
 PSYoungGen      total 207360K, used 13808K [0x00000000e0000000, 0x00000000f4300000, 0x0000000100000000)
  eden space 193536K, 0% used [0x00000000e0000000,0x00000000e0000000,0x00000000ebd00000)
  from space 13824K, 99% used [0x00000000ebd00000,0x00000000eca7c000,0x00000000eca80000)
  to   space 18432K, 0% used [0x00000000f3100000,0x00000000f3100000,0x00000000f4300000)
 ParOldGen       total 40960K, used 25675K [0x00000000a0000000, 0x00000000a2800000, 0x00000000e0000000)
  object space 40960K, 62% used [0x00000000a0000000,0x00000000a1912ca0,0x00000000a2800000)
 Metaspace       used 48858K, capacity 50324K, committed 50520K, reserved 1093632K
  class space    used 6554K, capacity 6947K, committed 7040K, reserved 1048576K
}
Event: 24.379 GC heap before
{Heap before GC invocations=14 (full 2):
 PSYoungGen      total 207360K, used 173155K [0x00000000e0000000, 0x00000000f4300000, 0x0000000100000000)
  eden space 193536K, 82% used [0x00000000e0000000,0x00000000e9b9cdd8,0x00000000ebd00000)
  from space 13824K, 99% used [0x00000000ebd00000,0x00000000eca7c000,0x00000000eca80000)
  to   space 18432K, 0% used [0x00000000f3100000,0x00000000f3100000,0x00000000f4300000)
 ParOldGen       total 40960K, used 25675K [0x00000000a0000000, 0x00000000a2800000, 0x00000000e0000000)
  object space 40960K, 62% used [0x00000000a0000000,0x00000000a1912ca0,0x00000000a2800000)
 Metaspace       used 57009K, capacity 58808K, committed 58968K, reserved 1099776K
  class space    used 7756K, capacity 8219K, committed 8320K, reserved 1048576K
Event: 24.482 GC heap after
Heap after GC invocations=14 (full 2):
 PSYoungGen      total 309760K, used 15365K [0x00000000e0000000, 0x00000000f4480000, 0x0000000100000000)
  eden space 291328K, 0% used [0x00000000e0000000,0x00000000e0000000,0x00000000f1c80000)
  from space 18432K, 83% used [0x00000000f3100000,0x00000000f40016c0,0x00000000f4300000)
  to   space 20480K, 0% used [0x00000000f1c80000,0x00000000f1c80000,0x00000000f3080000)
 ParOldGen       total 40960K, used 37519K [0x00000000a0000000, 0x00000000a2800000, 0x00000000e0000000)
  object space 40960K, 91% used [0x00000000a0000000,0x00000000a24a3ff0,0x00000000a2800000)
 Metaspace       used 57009K, capacity 58808K, committed 58968K, reserved 1099776K
  class space    used 7756K, capacity 8219K, committed 8320K, reserved 1048576K
}
Event: 24.482 GC heap before
{Heap before GC invocations=15 (full 3):
 PSYoungGen      total 309760K, used 15365K [0x00000000e0000000, 0x00000000f4480000, 0x0000000100000000)
  eden space 291328K, 0% used [0x00000000e0000000,0x00000000e0000000,0x00000000f1c80000)
  from space 18432K, 83% used [0x00000000f3100000,0x00000000f40016c0,0x00000000f4300000)
  to   space 20480K, 0% used [0x00000000f1c80000,0x00000000f1c80000,0x00000000f3080000)
 ParOldGen       total 40960K, used 37519K [0x00000000a0000000, 0x00000000a2800000, 0x00000000e0000000)
  object space 40960K, 91% used [0x00000000a0000000,0x00000000a24a3ff0,0x00000000a2800000)
 Metaspace       used 57009K, capacity 58808K, committed 58968K, reserved 1099776K
  class space    used 7756K, capacity 8219K, committed 8320K, reserved 1048576K
Event: 24.946 GC heap after
Heap after GC invocations=15 (full 3):
 PSYoungGen      total 309760K, used 0K [0x00000000e0000000, 0x00000000f4480000, 0x0000000100000000)
  eden space 291328K, 0% used [0x00000000e0000000,0x00000000e0000000,0x00000000f1c80000)
  from space 18432K, 0% used [0x00000000f3100000,0x00000000f3100000,0x00000000f4300000)
  to   space 20480K, 0% used [0x00000000f1c80000,0x00000000f1c80000,0x00000000f3080000)
 ParOldGen       total 72704K, used 40758K [0x00000000a0000000, 0x00000000a4700000, 0x00000000e0000000)
  object space 72704K, 56% used [0x00000000a0000000,0x00000000a27cdac8,0x00000000a4700000)
 Metaspace       used 57009K, capacity 58808K, committed 58968K, reserved 1099776K
  class space    used 7756K, capacity 8219K, committed 8320K, reserved 1048576K
}
Event: 59.916 GC heap before
{Heap before GC invocations=16 (full 3):
 PSYoungGen      total 309760K, used 289111K [0x00000000e0000000, 0x00000000f4480000, 0x0000000100000000)
  eden space 291328K, 99% used [0x00000000e0000000,0x00000000f1a55de0,0x00000000f1c80000)
  from space 18432K, 0% used [0x00000000f3100000,0x00000000f3100000,0x00000000f4300000)
  to   space 20480K, 0% used [0x00000000f1c80000,0x00000000f1c80000,0x00000000f3080000)
 ParOldGen       total 72704K, used 40758K [0x00000000a0000000, 0x00000000a4700000, 0x00000000e0000000)
  object space 72704K, 56% used [0x00000000a0000000,0x00000000a27cdac8,0x00000000a4700000)
 Metaspace       used 67720K, capacity 70484K, committed 70616K, reserved 1110016K
  class space    used 9292K, capacity 9920K, committed 9984K, reserved 1048576K
Event: 59.959 GC heap after
Heap after GC invocations=16 (full 3):
 PSYoungGen      total 311808K, used 20479K [0x00000000e0000000, 0x00000000fd680000, 0x0000000100000000)
  eden space 291328K, 0% used [0x00000000e0000000,0x00000000e0000000,0x00000000f1c80000)
  from space 20480K, 99% used [0x00000000f1c80000,0x00000000f307fdc8,0x00000000f3080000)
  to   space 34816K, 0% used [0x00000000fb480000,0x00000000fb480000,0x00000000fd680000)
 ParOldGen       total 72704K, used 70284K [0x00000000a0000000, 0x00000000a4700000, 0x00000000e0000000)
  object space 72704K, 96% used [0x00000000a0000000,0x00000000a44a3270,0x00000000a4700000)
 Metaspace       used 67720K, capacity 70484K, committed 70616K, reserved 1110016K
  class space    used 9292K, capacity 9920K, committed 9984K, reserved 1048576K
}
Event: 59.959 GC heap before
{Heap before GC invocations=17 (full 4):
 PSYoungGen      total 311808K, used 20479K [0x00000000e0000000, 0x00000000fd680000, 0x0000000100000000)
  eden space 291328K, 0% used [0x00000000e0000000,0x00000000e0000000,0x00000000f1c80000)
  from space 20480K, 99% used [0x00000000f1c80000,0x00000000f307fdc8,0x00000000f3080000)
  to   space 34816K, 0% used [0x00000000fb480000,0x00000000fb480000,0x00000000fd680000)
 ParOldGen       total 72704K, used 70284K [0x00000000a0000000, 0x00000000a4700000, 0x00000000e0000000)
  object space 72704K, 96% used [0x00000000a0000000,0x00000000a44a3270,0x00000000a4700000)
 Metaspace       used 67720K, capacity 70484K, committed 70616K, reserved 1110016K
  class space    used 9292K, capacity 9920K, committed 9984K, reserved 1048576K
Event: 60.565 GC heap after
Heap after GC invocations=17 (full 4):
 PSYoungGen      total 311808K, used 11163K [0x00000000e0000000, 0x00000000fd680000, 0x0000000100000000)
  eden space 291328K, 0% used [0x00000000e0000000,0x00000000e0000000,0x00000000f1c80000)
  from space 20480K, 54% used [0x00000000f1c80000,0x00000000f2766e50,0x00000000f3080000)
  to   space 34816K, 0% used [0x00000000fb480000,0x00000000fb480000,0x00000000fd680000)
 ParOldGen       total 117248K, used 72400K [0x00000000a0000000, 0x00000000a7280000, 0x00000000e0000000)
  object space 117248K, 61% used [0x00000000a0000000,0x00000000a46b42a8,0x00000000a7280000)
 Metaspace       used 67668K, capacity 70324K, committed 70616K, reserved 1110016K
  class space    used 9275K, capacity 9890K, committed 9984K, reserved 1048576K
}

