# JRE version: Java(TM) SE Runtime Environment (8.0_191-b12) (build 1.8.0_191-b12)
# Java VM: Java HotSpot(TM) 64-Bit Server VM (25.191-b12 mixed mode windows-amd64 compressed oops)
Heap:
 PSYoungGen      total 150528K, used 128479K [0x00000000e0000000, 0x00000000e9e80000, 0x0000000100000000)
  eden space 139264K, 92% used [0x00000000e0000000,0x00000000e7d77dc8,0x00000000e8800000)
  from space 11264K, 0% used [0x00000000e9300000,0x00000000e9300000,0x00000000e9e00000)
  to   space 11264K, 0% used [0x00000000e8800000,0x00000000e8800000,0x00000000e9300000)
 ParOldGen       total 40960K, used 15348K [0x00000000a0000000, 0x00000000a2800000, 0x00000000e0000000)
  object space 40960K, 37% used [0x00000000a0000000,0x00000000a0efd360,0x00000000a2800000)
 Metaspace       used 42783K, capacity 43418K, committed 43776K, reserved 1087488K
  class space    used 5683K, capacity 5862K, committed 5888K, reserved 1048576K
GC Heap History (10 events):
Event: 13.561 GC heap before
{Heap before GC invocations=10 (full 1):
 PSYoungGen      total 66560K, used 3111K [0x00000000e0000000, 0x00000000e6a80000, 0x0000000100000000)
  eden space 58368K, 0% used [0x00000000e0000000,0x00000000e0000000,0x00000000e3900000)
  from space 8192K, 37% used [0x00000000e3900000,0x00000000e3c09da8,0x00000000e4100000)
  to   space 7680K, 0% used [0x00000000e6300000,0x00000000e6300000,0x00000000e6a80000)
 ParOldGen       total 42496K, used 7890K [0x00000000a0000000, 0x00000000a2980000, 0x00000000e0000000)
  object space 42496K, 18% used [0x00000000a0000000,0x00000000a07b49b8,0x00000000a2980000)
 Metaspace       used 20638K, capacity 20994K, committed 21296K, reserved 1067008K
  class space    used 3002K, capacity 3149K, committed 3200K, reserved 1048576K
Event: 13.691 GC heap after
Heap after GC invocations=10 (full 1):
 PSYoungGen      total 66560K, used 0K [0x00000000e0000000, 0x00000000e6a80000, 0x0000000100000000)
  eden space 58368K, 0% used [0x00000000e0000000,0x00000000e0000000,0x00000000e3900000)
  from space 8192K, 0% used [0x00000000e3900000,0x00000000e3900000,0x00000000e4100000)
  to   space 7680K, 0% used [0x00000000e6300000,0x00000000e6300000,0x00000000e6a80000)
 ParOldGen       total 27648K, used 7501K [0x00000000a0000000, 0x00000000a1b00000, 0x00000000e0000000)
  object space 27648K, 27% used [0x00000000a0000000,0x00000000a07536a8,0x00000000a1b00000)
 Metaspace       used 20638K, capacity 20994K, committed 21296K, reserved 1067008K
  class space    used 3002K, capacity 3149K, committed 3200K, reserved 1048576K
}
Event: 17.586 GC heap before
{Heap before GC invocations=11 (full 1):
 PSYoungGen      total 66560K, used 58368K [0x00000000e0000000, 0x00000000e6a80000, 0x0000000100000000)
  eden space 58368K, 100% used [0x00000000e0000000,0x00000000e3900000,0x00000000e3900000)
  from space 8192K, 0% used [0x00000000e3900000,0x00000000e3900000,0x00000000e4100000)
  to   space 7680K, 0% used [0x00000000e6300000,0x00000000e6300000,0x00000000e6a80000)
 ParOldGen       total 27648K, used 7501K [0x00000000a0000000, 0x00000000a1b00000, 0x00000000e0000000)
  object space 27648K, 27% used [0x00000000a0000000,0x00000000a07536a8,0x00000000a1b00000)
 Metaspace       used 27572K, capacity 28030K, committed 28416K, reserved 1073152K
  class space    used 3890K, capacity 4061K, committed 4096K, reserved 1048576K
Event: 17.611 GC heap after
Heap after GC invocations=11 (full 1):
 PSYoungGen      total 98304K, used 7322K [0x00000000e0000000, 0x00000000e6a80000, 0x0000000100000000)
  eden space 90624K, 0% used [0x00000000e0000000,0x00000000e0000000,0x00000000e5880000)
  from space 7680K, 95% used [0x00000000e6300000,0x00000000e6a26bd0,0x00000000e6a80000)
  to   space 8704K, 0% used [0x00000000e5980000,0x00000000e5980000,0x00000000e6200000)
 ParOldGen       total 27648K, used 7509K [0x00000000a0000000, 0x00000000a1b00000, 0x00000000e0000000)
  object space 27648K, 27% used [0x00000000a0000000,0x00000000a07556a8,0x00000000a1b00000)
 Metaspace       used 27572K, capacity 28030K, committed 28416K, reserved 1073152K
  class space    used 3890K, capacity 4061K, committed 4096K, reserved 1048576K
}
Event: 21.208 GC heap before
{Heap before GC invocations=12 (full 1):
 PSYoungGen      total 98304K, used 97946K [0x00000000e0000000, 0x00000000e6a80000, 0x0000000100000000)
  eden space 90624K, 100% used [0x00000000e0000000,0x00000000e5880000,0x00000000e5880000)
  from space 7680K, 95% used [0x00000000e6300000,0x00000000e6a26bd0,0x00000000e6a80000)
  to   space 8704K, 0% used [0x00000000e5980000,0x00000000e5980000,0x00000000e6200000)
 ParOldGen       total 27648K, used 7509K [0x00000000a0000000, 0x00000000a1b00000, 0x00000000e0000000)
  object space 27648K, 27% used [0x00000000a0000000,0x00000000a07556a8,0x00000000a1b00000)
 Metaspace       used 33852K, capacity 34330K, committed 34560K, reserved 1079296K
  class space    used 4670K, capacity 4815K, committed 4864K, reserved 1048576K
Event: 21.272 GC heap after
Heap after GC invocations=12 (full 1):
 PSYoungGen      total 100352K, used 8692K [0x00000000e0000000, 0x00000000e9e00000, 0x0000000100000000)
  eden space 91648K, 0% used [0x00000000e0000000,0x00000000e0000000,0x00000000e5980000)
  from space 8704K, 99% used [0x00000000e5980000,0x00000000e61fd2d8,0x00000000e6200000)
  to   space 11264K, 0% used [0x00000000e9300000,0x00000000e9300000,0x00000000e9e00000)
 ParOldGen       total 27648K, used 10905K [0x00000000a0000000, 0x00000000a1b00000, 0x00000000e0000000)
  object space 27648K, 39% used [0x00000000a0000000,0x00000000a0aa6768,0x00000000a1b00000)
 Metaspace       used 33852K, capacity 34330K, committed 34560K, reserved 1079296K
  class space    used 4670K, capacity 4815K, committed 4864K, reserved 1048576K
}
Event: 21.867 GC heap before
{Heap before GC invocations=13 (full 1):
 PSYoungGen      total 100352K, used 28841K [0x00000000e0000000, 0x00000000e9e00000, 0x0000000100000000)
  eden space 91648K, 21% used [0x00000000e0000000,0x00000000e13ad508,0x00000000e5980000)
  from space 8704K, 99% used [0x00000000e5980000,0x00000000e61fd2d8,0x00000000e6200000)
  to   space 11264K, 0% used [0x00000000e9300000,0x00000000e9300000,0x00000000e9e00000)
 ParOldGen       total 27648K, used 10905K [0x00000000a0000000, 0x00000000a1b00000, 0x00000000e0000000)
  object space 27648K, 39% used [0x00000000a0000000,0x00000000a0aa6768,0x00000000a1b00000)
 Metaspace       used 34745K, capacity 35226K, committed 35456K, reserved 1079296K
  class space    used 4801K, capacity 4943K, committed 4992K, reserved 1048576K
Event: 21.891 GC heap after
Heap after GC invocations=13 (full 1):
 PSYoungGen      total 150528K, used 1344K [0x00000000e0000000, 0x00000000e9e80000, 0x0000000100000000)
  eden space 139264K, 0% used [0x00000000e0000000,0x00000000e0000000,0x00000000e8800000)
  from space 11264K, 11% used [0x00000000e9300000,0x00000000e9450200,0x00000000e9e00000)
  to   space 11264K, 0% used [0x00000000e8800000,0x00000000e8800000,0x00000000e9300000)
 ParOldGen       total 27648K, used 14680K [0x00000000a0000000, 0x00000000a1b00000, 0x00000000e0000000)
  object space 27648K, 53% used [0x00000000a0000000,0x00000000a0e56008,0x00000000a1b00000)
 Metaspace       used 34745K, capacity 35226K, committed 35456K, reserved 1079296K
  class space    used 4801K, capacity 4943K, committed 4992K, reserved 1048576K
}
Event: 21.891 GC heap before
{Heap before GC invocations=14 (full 2):
 PSYoungGen      total 150528K, used 1344K [0x00000000e0000000, 0x00000000e9e80000, 0x0000000100000000)
  eden space 139264K, 0% used [0x00000000e0000000,0x00000000e0000000,0x00000000e8800000)
  from space 11264K, 11% used [0x00000000e9300000,0x00000000e9450200,0x00000000e9e00000)
  to   space 11264K, 0% used [0x00000000e8800000,0x00000000e8800000,0x00000000e9300000)
 ParOldGen       total 27648K, used 14680K [0x00000000a0000000, 0x00000000a1b00000, 0x00000000e0000000)
  object space 27648K, 53% used [0x00000000a0000000,0x00000000a0e56008,0x00000000a1b00000)
 Metaspace       used 34745K, capacity 35226K, committed 35456K, reserved 1079296K
  class space    used 4801K, capacity 4943K, committed 4992K, reserved 1048576K
Event: 22.130 GC heap after
Heap after GC invocations=14 (full 2):
 PSYoungGen      total 150528K, used 0K [0x00000000e0000000, 0x00000000e9e80000, 0x0000000100000000)
  eden space 139264K, 0% used [0x00000000e0000000,0x00000000e0000000,0x00000000e8800000)
  from space 11264K, 0% used [0x00000000e9300000,0x00000000e9300000,0x00000000e9e00000)
  to   space 11264K, 0% used [0x00000000e8800000,0x00000000e8800000,0x00000000e9300000)
 ParOldGen       total 40960K, used 15348K [0x00000000a0000000, 0x00000000a2800000, 0x00000000e0000000)
  object space 40960K, 37% used [0x00000000a0000000,0x00000000a0efd360,0x00000000a2800000)
 Metaspace       used 34729K, capacity 35208K, committed 35456K, reserved 1079296K
  class space    used 4796K, capacity 4937K, committed 4992K, reserved 1048576K
}

