# JRE version: OpenJDK Runtime Environment (8.0_152-b01) (build 1.8.0_152-release-1343-b01)
# Java VM: OpenJDK 64-Bit Server VM (25.152-b01 mixed mode windows-amd64 compressed oops)
Heap:
 PSYoungGen      total 171008K, used 17993K [0x00000000e0000000, 0x00000000eb800000, 0x0000000100000000)
  eden space 155648K, 11% used [0x00000000e0000000,0x00000000e11924d8,0x00000000e9800000)
  from space 15360K, 0% used [0x00000000ea800000,0x00000000ea800000,0x00000000eb700000)
  to   space 16384K, 0% used [0x00000000e9800000,0x00000000e9800000,0x00000000ea800000)
 ParOldGen       total 84992K, used 38315K [0x00000000a0000000, 0x00000000a5300000, 0x00000000e0000000)
  object space 84992K, 45% used [0x00000000a0000000,0x00000000a256aff0,0x00000000a5300000)
 Metaspace       used 58208K, capacity 60090K, committed 60120K, reserved 1105920K
  class space    used 7965K, capacity 8424K, committed 8448K, reserved 1048576K
GC Heap History (10 events):
Event: 22.560 GC heap before
{Heap before GC invocations=17 (full 2):
 PSYoungGen      total 105472K, used 1200K [0x00000000e0000000, 0x00000000e9480000, 0x0000000100000000)
  eden space 98304K, 0% used [0x00000000e0000000,0x00000000e0000000,0x00000000e6000000)
  from space 7168K, 16% used [0x00000000e6000000,0x00000000e612c238,0x00000000e6700000)
  to   space 7680K, 0% used [0x00000000e8d00000,0x00000000e8d00000,0x00000000e9480000)
 ParOldGen       total 29696K, used 15639K [0x00000000a0000000, 0x00000000a1d00000, 0x00000000e0000000)
  object space 29696K, 52% used [0x00000000a0000000,0x00000000a0f45c10,0x00000000a1d00000)
 Metaspace       used 34507K, capacity 35324K, committed 35416K, reserved 1079296K
  class space    used 4698K, capacity 4944K, committed 4992K, reserved 1048576K
Event: 22.725 GC heap after
Heap after GC invocations=17 (full 2):
 PSYoungGen      total 105472K, used 0K [0x00000000e0000000, 0x00000000e9480000, 0x0000000100000000)
  eden space 98304K, 0% used [0x00000000e0000000,0x00000000e0000000,0x00000000e6000000)
  from space 7168K, 0% used [0x00000000e6000000,0x00000000e6000000,0x00000000e6700000)
  to   space 7680K, 0% used [0x00000000e8d00000,0x00000000e8d00000,0x00000000e9480000)
 ParOldGen       total 47104K, used 15231K [0x00000000a0000000, 0x00000000a2e00000, 0x00000000e0000000)
  object space 47104K, 32% used [0x00000000a0000000,0x00000000a0edffa8,0x00000000a2e00000)
 Metaspace       used 34505K, capacity 35318K, committed 35416K, reserved 1079296K
  class space    used 4697K, capacity 4943K, committed 4992K, reserved 1048576K
}
Event: 25.485 GC heap before
{Heap before GC invocations=18 (full 2):
 PSYoungGen      total 105472K, used 98304K [0x00000000e0000000, 0x00000000e9480000, 0x0000000100000000)
  eden space 98304K, 100% used [0x00000000e0000000,0x00000000e6000000,0x00000000e6000000)
  from space 7168K, 0% used [0x00000000e6000000,0x00000000e6000000,0x00000000e6700000)
  to   space 7680K, 0% used [0x00000000e8d00000,0x00000000e8d00000,0x00000000e9480000)
 ParOldGen       total 47104K, used 15231K [0x00000000a0000000, 0x00000000a2e00000, 0x00000000e0000000)
  object space 47104K, 32% used [0x00000000a0000000,0x00000000a0edffa8,0x00000000a2e00000)
 Metaspace       used 44328K, capacity 45358K, committed 45656K, reserved 1089536K
  class space    used 5917K, capacity 6178K, committed 6272K, reserved 1048576K
Event: 25.508 GC heap after
Heap after GC invocations=18 (full 2):
 PSYoungGen      total 137728K, used 7664K [0x00000000e0000000, 0x00000000e9480000, 0x0000000100000000)
  eden space 130048K, 0% used [0x00000000e0000000,0x00000000e0000000,0x00000000e7f00000)
  from space 7680K, 99% used [0x00000000e8d00000,0x00000000e947c170,0x00000000e9480000)
  to   space 10752K, 0% used [0x00000000e7f80000,0x00000000e7f80000,0x00000000e8a00000)
 ParOldGen       total 47104K, used 20924K [0x00000000a0000000, 0x00000000a2e00000, 0x00000000e0000000)
  object space 47104K, 44% used [0x00000000a0000000,0x00000000a146f360,0x00000000a2e00000)
 Metaspace       used 44328K, capacity 45358K, committed 45656K, reserved 1089536K
  class space    used 5917K, capacity 6178K, committed 6272K, reserved 1048576K
}
Event: 28.631 GC heap before
{Heap before GC invocations=19 (full 2):
 PSYoungGen      total 137728K, used 137712K [0x00000000e0000000, 0x00000000e9480000, 0x0000000100000000)
  eden space 130048K, 100% used [0x00000000e0000000,0x00000000e7f00000,0x00000000e7f00000)
  from space 7680K, 99% used [0x00000000e8d00000,0x00000000e947c170,0x00000000e9480000)
  to   space 10752K, 0% used [0x00000000e7f80000,0x00000000e7f80000,0x00000000e8a00000)
 ParOldGen       total 47104K, used 20924K [0x00000000a0000000, 0x00000000a2e00000, 0x00000000e0000000)
  object space 47104K, 44% used [0x00000000a0000000,0x00000000a146f360,0x00000000a2e00000)
 Metaspace       used 51168K, capacity 52650K, committed 52824K, reserved 1095680K
  class space    used 6891K, capacity 7292K, committed 7296K, reserved 1048576K
Event: 28.674 GC heap after
Heap after GC invocations=19 (full 2):
 PSYoungGen      total 141312K, used 10750K [0x00000000e0000000, 0x00000000eb700000, 0x0000000100000000)
  eden space 130560K, 0% used [0x00000000e0000000,0x00000000e0000000,0x00000000e7f80000)
  from space 10752K, 99% used [0x00000000e7f80000,0x00000000e89ffba0,0x00000000e8a00000)
  to   space 15360K, 0% used [0x00000000ea800000,0x00000000ea800000,0x00000000eb700000)
 ParOldGen       total 47104K, used 28355K [0x00000000a0000000, 0x00000000a2e00000, 0x00000000e0000000)
  object space 47104K, 60% used [0x00000000a0000000,0x00000000a1bb0d18,0x00000000a2e00000)
 Metaspace       used 51168K, capacity 52650K, committed 52824K, reserved 1095680K
  class space    used 6891K, capacity 7292K, committed 7296K, reserved 1048576K
}
Event: 31.483 GC heap before
{Heap before GC invocations=20 (full 2):
 PSYoungGen      total 141312K, used 132126K [0x00000000e0000000, 0x00000000eb700000, 0x0000000100000000)
  eden space 130560K, 92% used [0x00000000e0000000,0x00000000e7687c88,0x00000000e7f80000)
  from space 10752K, 99% used [0x00000000e7f80000,0x00000000e89ffba0,0x00000000e8a00000)
  to   space 15360K, 0% used [0x00000000ea800000,0x00000000ea800000,0x00000000eb700000)
 ParOldGen       total 47104K, used 28355K [0x00000000a0000000, 0x00000000a2e00000, 0x00000000e0000000)
  object space 47104K, 60% used [0x00000000a0000000,0x00000000a1bb0d18,0x00000000a2e00000)
 Metaspace       used 57083K, capacity 58860K, committed 58968K, reserved 1099776K
  class space    used 7764K, capacity 8219K, committed 8320K, reserved 1048576K
Event: 31.516 GC heap after
Heap after GC invocations=20 (full 2):
 PSYoungGen      total 171008K, used 11926K [0x00000000e0000000, 0x00000000eb800000, 0x0000000100000000)
  eden space 155648K, 0% used [0x00000000e0000000,0x00000000e0000000,0x00000000e9800000)
  from space 15360K, 77% used [0x00000000ea800000,0x00000000eb3a59e0,0x00000000eb700000)
  to   space 16384K, 0% used [0x00000000e9800000,0x00000000e9800000,0x00000000ea800000)
 ParOldGen       total 47104K, used 35620K [0x00000000a0000000, 0x00000000a2e00000, 0x00000000e0000000)
  object space 47104K, 75% used [0x00000000a0000000,0x00000000a22c9010,0x00000000a2e00000)
 Metaspace       used 57083K, capacity 58860K, committed 58968K, reserved 1099776K
  class space    used 7764K, capacity 8219K, committed 8320K, reserved 1048576K
}
Event: 31.516 GC heap before
{Heap before GC invocations=21 (full 3):
 PSYoungGen      total 171008K, used 11926K [0x00000000e0000000, 0x00000000eb800000, 0x0000000100000000)
  eden space 155648K, 0% used [0x00000000e0000000,0x00000000e0000000,0x00000000e9800000)
  from space 15360K, 77% used [0x00000000ea800000,0x00000000eb3a59e0,0x00000000eb700000)
  to   space 16384K, 0% used [0x00000000e9800000,0x00000000e9800000,0x00000000ea800000)
 ParOldGen       total 47104K, used 35620K [0x00000000a0000000, 0x00000000a2e00000, 0x00000000e0000000)
  object space 47104K, 75% used [0x00000000a0000000,0x00000000a22c9010,0x00000000a2e00000)
 Metaspace       used 57083K, capacity 58860K, committed 58968K, reserved 1099776K
  class space    used 7764K, capacity 8219K, committed 8320K, reserved 1048576K
Event: 31.822 GC heap after
Heap after GC invocations=21 (full 3):
 PSYoungGen      total 171008K, used 0K [0x00000000e0000000, 0x00000000eb800000, 0x0000000100000000)
  eden space 155648K, 0% used [0x00000000e0000000,0x00000000e0000000,0x00000000e9800000)
  from space 15360K, 0% used [0x00000000ea800000,0x00000000ea800000,0x00000000eb700000)
  to   space 16384K, 0% used [0x00000000e9800000,0x00000000e9800000,0x00000000ea800000)
 ParOldGen       total 84992K, used 38315K [0x00000000a0000000, 0x00000000a5300000, 0x00000000e0000000)
  object space 84992K, 45% used [0x00000000a0000000,0x00000000a256aff0,0x00000000a5300000)
 Metaspace       used 57083K, capacity 58860K, committed 58968K, reserved 1099776K
  class space    used 7764K, capacity 8219K, committed 8320K, reserved 1048576K
}

