# JRE version: OpenJDK Runtime Environment (8.0_152-b01) (build 1.8.0_152-release-1343-b01)
# Java VM: OpenJDK 64-Bit Server VM (25.152-b01 mixed mode windows-amd64 compressed oops)
Heap:
 PSYoungGen      total 83456K, used 24469K [0x00000000e0000000, 0x00000000e7900000, 0x0000000100000000)
  eden space 76288K, 24% used [0x00000000e0000000,0x00000000e124fe90,0x00000000e4a80000)
  from space 7168K, 79% used [0x00000000e4a80000,0x00000000e50158c0,0x00000000e5180000)
  to   space 7680K, 0% used [0x00000000e7180000,0x00000000e7180000,0x00000000e7900000)
 ParOldGen       total 27648K, used 10319K [0x00000000a0000000, 0x00000000a1b00000, 0x00000000e0000000)
  object space 27648K, 37% used [0x00000000a0000000,0x00000000a0a13e30,0x00000000a1b00000)
 Metaspace       used 31537K, capacity 32110K, committed 32512K, reserved 1077248K
  class space    used 4314K, capacity 4485K, committed 4608K, reserved 1048576K
GC Heap History (10 events):
Event: 12.614 GC heap before
{Heap before GC invocations=10 (full 0):
 PSYoungGen      total 35840K, used 34937K [0x00000000e0000000, 0x00000000e3a00000, 0x0000000100000000)
  eden space 30720K, 100% used [0x00000000e0000000,0x00000000e1e00000,0x00000000e1e00000)
  from space 5120K, 82% used [0x00000000e1e00000,0x00000000e221e780,0x00000000e2300000)
  to   space 5120K, 0% used [0x00000000e3500000,0x00000000e3500000,0x00000000e3a00000)
 ParOldGen       total 42496K, used 6122K [0x00000000a0000000, 0x00000000a2980000, 0x00000000e0000000)
  object space 42496K, 14% used [0x00000000a0000000,0x00000000a05fa8b0,0x00000000a2980000)
 Metaspace       used 20563K, capacity 20950K, committed 21248K, reserved 1067008K
  class space    used 2905K, capacity 3053K, committed 3072K, reserved 1048576K
Event: 12.656 GC heap after
Heap after GC invocations=10 (full 0):
 PSYoungGen      total 53248K, used 5103K [0x00000000e0000000, 0x00000000e3c00000, 0x0000000100000000)
  eden space 48128K, 0% used [0x00000000e0000000,0x00000000e0000000,0x00000000e2f00000)
  from space 5120K, 99% used [0x00000000e3500000,0x00000000e39fbd98,0x00000000e3a00000)
  to   space 6144K, 0% used [0x00000000e2f00000,0x00000000e2f00000,0x00000000e3500000)
 ParOldGen       total 42496K, used 7146K [0x00000000a0000000, 0x00000000a2980000, 0x00000000e0000000)
  object space 42496K, 16% used [0x00000000a0000000,0x00000000a06fa810,0x00000000a2980000)
 Metaspace       used 20563K, capacity 20950K, committed 21248K, reserved 1067008K
  class space    used 2905K, capacity 3053K, committed 3072K, reserved 1048576K
}
Event: 12.667 GC heap before
{Heap before GC invocations=11 (full 0):
 PSYoungGen      total 53248K, used 6235K [0x00000000e0000000, 0x00000000e3c00000, 0x0000000100000000)
  eden space 48128K, 2% used [0x00000000e0000000,0x00000000e011b0c0,0x00000000e2f00000)
  from space 5120K, 99% used [0x00000000e3500000,0x00000000e39fbd98,0x00000000e3a00000)
  to   space 6144K, 0% used [0x00000000e2f00000,0x00000000e2f00000,0x00000000e3500000)
 ParOldGen       total 42496K, used 7146K [0x00000000a0000000, 0x00000000a2980000, 0x00000000e0000000)
  object space 42496K, 16% used [0x00000000a0000000,0x00000000a06fa810,0x00000000a2980000)
 Metaspace       used 20652K, capacity 21014K, committed 21248K, reserved 1067008K
  class space    used 2906K, capacity 3053K, committed 3072K, reserved 1048576K
Event: 12.680 GC heap after
Heap after GC invocations=11 (full 0):
 PSYoungGen      total 54272K, used 265K [0x00000000e0000000, 0x00000000e5880000, 0x0000000100000000)
  eden space 48128K, 0% used [0x00000000e0000000,0x00000000e0000000,0x00000000e2f00000)
  from space 6144K, 4% used [0x00000000e2f00000,0x00000000e2f42668,0x00000000e3500000)
  to   space 6656K, 0% used [0x00000000e5200000,0x00000000e5200000,0x00000000e5880000)
 ParOldGen       total 42496K, used 9608K [0x00000000a0000000, 0x00000000a2980000, 0x00000000e0000000)
  object space 42496K, 22% used [0x00000000a0000000,0x00000000a0962278,0x00000000a2980000)
 Metaspace       used 20652K, capacity 21014K, committed 21248K, reserved 1067008K
  class space    used 2906K, capacity 3053K, committed 3072K, reserved 1048576K
}
Event: 12.680 GC heap before
{Heap before GC invocations=12 (full 1):
 PSYoungGen      total 54272K, used 265K [0x00000000e0000000, 0x00000000e5880000, 0x0000000100000000)
  eden space 48128K, 0% used [0x00000000e0000000,0x00000000e0000000,0x00000000e2f00000)
  from space 6144K, 4% used [0x00000000e2f00000,0x00000000e2f42668,0x00000000e3500000)
  to   space 6656K, 0% used [0x00000000e5200000,0x00000000e5200000,0x00000000e5880000)
 ParOldGen       total 42496K, used 9608K [0x00000000a0000000, 0x00000000a2980000, 0x00000000e0000000)
  object space 42496K, 22% used [0x00000000a0000000,0x00000000a0962278,0x00000000a2980000)
 Metaspace       used 20652K, capacity 21014K, committed 21248K, reserved 1067008K
  class space    used 2906K, capacity 3053K, committed 3072K, reserved 1048576K
Event: 12.933 GC heap after
Heap after GC invocations=12 (full 1):
 PSYoungGen      total 54272K, used 0K [0x00000000e0000000, 0x00000000e5880000, 0x0000000100000000)
  eden space 48128K, 0% used [0x00000000e0000000,0x00000000e0000000,0x00000000e2f00000)
  from space 6144K, 0% used [0x00000000e2f00000,0x00000000e2f00000,0x00000000e3500000)
  to   space 6656K, 0% used [0x00000000e5200000,0x00000000e5200000,0x00000000e5880000)
 ParOldGen       total 27648K, used 7099K [0x00000000a0000000, 0x00000000a1b00000, 0x00000000e0000000)
  object space 27648K, 25% used [0x00000000a0000000,0x00000000a06eee10,0x00000000a1b00000)
 Metaspace       used 20652K, capacity 21014K, committed 21248K, reserved 1067008K
  class space    used 2906K, capacity 3053K, committed 3072K, reserved 1048576K
}
Event: 15.817 GC heap before
{Heap before GC invocations=13 (full 1):
 PSYoungGen      total 54272K, used 48128K [0x00000000e0000000, 0x00000000e5880000, 0x0000000100000000)
  eden space 48128K, 100% used [0x00000000e0000000,0x00000000e2f00000,0x00000000e2f00000)
  from space 6144K, 0% used [0x00000000e2f00000,0x00000000e2f00000,0x00000000e3500000)
  to   space 6656K, 0% used [0x00000000e5200000,0x00000000e5200000,0x00000000e5880000)
 ParOldGen       total 27648K, used 7099K [0x00000000a0000000, 0x00000000a1b00000, 0x00000000e0000000)
  object space 27648K, 25% used [0x00000000a0000000,0x00000000a06eee10,0x00000000a1b00000)
 Metaspace       used 26892K, capacity 27404K, committed 27648K, reserved 1073152K
  class space    used 3631K, capacity 3772K, committed 3840K, reserved 1048576K
Event: 15.827 GC heap after
Heap after GC invocations=13 (full 1):
 PSYoungGen      total 79360K, used 6635K [0x00000000e0000000, 0x00000000e5880000, 0x0000000100000000)
  eden space 72704K, 0% used [0x00000000e0000000,0x00000000e0000000,0x00000000e4700000)
  from space 6656K, 99% used [0x00000000e5200000,0x00000000e587ad98,0x00000000e5880000)
  to   space 7168K, 0% used [0x00000000e4a80000,0x00000000e4a80000,0x00000000e5180000)
 ParOldGen       total 27648K, used 7107K [0x00000000a0000000, 0x00000000a1b00000, 0x00000000e0000000)
  object space 27648K, 25% used [0x00000000a0000000,0x00000000a06f0e10,0x00000000a1b00000)
 Metaspace       used 26892K, capacity 27404K, committed 27648K, reserved 1073152K
  class space    used 3631K, capacity 3772K, committed 3840K, reserved 1048576K
}
Event: 18.867 GC heap before
{Heap before GC invocations=14 (full 1):
 PSYoungGen      total 79360K, used 79339K [0x00000000e0000000, 0x00000000e5880000, 0x0000000100000000)
  eden space 72704K, 100% used [0x00000000e0000000,0x00000000e4700000,0x00000000e4700000)
  from space 6656K, 99% used [0x00000000e5200000,0x00000000e587ad98,0x00000000e5880000)
  to   space 7168K, 0% used [0x00000000e4a80000,0x00000000e4a80000,0x00000000e5180000)
 ParOldGen       total 27648K, used 7107K [0x00000000a0000000, 0x00000000a1b00000, 0x00000000e0000000)
  object space 27648K, 25% used [0x00000000a0000000,0x00000000a06f0e10,0x00000000a1b00000)
 Metaspace       used 30824K, capacity 31278K, committed 31616K, reserved 1077248K
  class space    used 4202K, capacity 4357K, committed 4480K, reserved 1048576K
Event: 18.903 GC heap after
Heap after GC invocations=14 (full 1):
 PSYoungGen      total 83456K, used 5718K [0x00000000e0000000, 0x00000000e7900000, 0x0000000100000000)
  eden space 76288K, 0% used [0x00000000e0000000,0x00000000e0000000,0x00000000e4a80000)
  from space 7168K, 79% used [0x00000000e4a80000,0x00000000e50158c0,0x00000000e5180000)
  to   space 7680K, 0% used [0x00000000e7180000,0x00000000e7180000,0x00000000e7900000)
 ParOldGen       total 27648K, used 10319K [0x00000000a0000000, 0x00000000a1b00000, 0x00000000e0000000)
  object space 27648K, 37% used [0x00000000a0000000,0x00000000a0a13e30,0x00000000a1b00000)
 Metaspace       used 30824K, capacity 31278K, committed 31616K, reserved 1077248K
  class space    used 4202K, capacity 4357K, committed 4480K, reserved 1048576K
}

