# JRE version: OpenJDK Runtime Environment (8.0_152-b01) (build 1.8.0_152-release-1343-b01)
# Java VM: OpenJDK 64-Bit Server VM (25.152-b01 mixed mode windows-amd64 compressed oops)
Heap:
 PSYoungGen      total 110080K, used 30503K [0x00000000e0000000, 0x00000000e8680000, 0x0000000100000000)
  eden space 91648K, 27% used [0x00000000e0000000,0x00000000e18d5210,0x00000000e5980000)
  from space 18432K, 27% used [0x00000000e7480000,0x00000000e7974b50,0x00000000e8680000)
  to   space 23040K, 0% used [0x00000000e5980000,0x00000000e5980000,0x00000000e7000000)
 ParOldGen       total 91136K, used 65096K [0x00000000a0000000, 0x00000000a5900000, 0x00000000e0000000)
  object space 91136K, 71% used [0x00000000a0000000,0x00000000a3f92178,0x00000000a5900000)
 Metaspace       used 75467K, capacity 79870K, committed 80216K, reserved 1118208K
  class space    used 9898K, capacity 10776K, committed 10880K, reserved 1048576K
GC Heap History (10 events):
Event: 1797.585 GC heap before
{Heap before GC invocations=31 (full 3):
 PSYoungGen      total 109056K, used 108850K [0x00000000e0000000, 0x00000000ea200000, 0x0000000100000000)
  eden space 107520K, 100% used [0x00000000e0000000,0x00000000e6900000,0x00000000e6900000)
  from space 1536K, 86% used [0x00000000e6c80000,0x00000000e6dcca88,0x00000000e6e00000)
  to   space 29184K, 0% used [0x00000000e8580000,0x00000000e8580000,0x00000000ea200000)
 ParOldGen       total 91136K, used 65056K [0x00000000a0000000, 0x00000000a5900000, 0x00000000e0000000)
  object space 91136K, 71% used [0x00000000a0000000,0x00000000a3f88178,0x00000000a5900000)
 Metaspace       used 73910K, capacity 77244K, committed 77272K, reserved 1116160K
  class space    used 9734K, capacity 10481K, committed 10496K, reserved 1048576K
Event: 1797.654 GC heap after
Heap after GC invocations=31 (full 3):
 PSYoungGen      total 127488K, used 4626K [0x00000000e0000000, 0x00000000e9c80000, 0x0000000100000000)
  eden space 103936K, 0% used [0x00000000e0000000,0x00000000e0000000,0x00000000e6580000)
  from space 23552K, 19% used [0x00000000e8580000,0x00000000e8a04a88,0x00000000e9c80000)
  to   space 28160K, 0% used [0x00000000e6580000,0x00000000e6580000,0x00000000e8100000)
 ParOldGen       total 91136K, used 65064K [0x00000000a0000000, 0x00000000a5900000, 0x00000000e0000000)
  object space 91136K, 71% used [0x00000000a0000000,0x00000000a3f8a178,0x00000000a5900000)
 Metaspace       used 73910K, capacity 77244K, committed 77272K, reserved 1116160K
  class space    used 9734K, capacity 10481K, committed 10496K, reserved 1048576K
}
Event: 1895.682 GC heap before
{Heap before GC invocations=32 (full 3):
 PSYoungGen      total 127488K, used 108555K [0x00000000e0000000, 0x00000000e9c80000, 0x0000000100000000)
  eden space 103936K, 99% used [0x00000000e0000000,0x00000000e657e3f8,0x00000000e6580000)
  from space 23552K, 19% used [0x00000000e8580000,0x00000000e8a04a88,0x00000000e9c80000)
  to   space 28160K, 0% used [0x00000000e6580000,0x00000000e6580000,0x00000000e8100000)
 ParOldGen       total 91136K, used 65064K [0x00000000a0000000, 0x00000000a5900000, 0x00000000e0000000)
  object space 91136K, 71% used [0x00000000a0000000,0x00000000a3f8a178,0x00000000a5900000)
 Metaspace       used 74357K, capacity 77936K, committed 78168K, reserved 1116160K
  class space    used 9778K, capacity 10561K, committed 10624K, reserved 1048576K
Event: 1895.711 GC heap after
Heap after GC invocations=32 (full 3):
 PSYoungGen      total 108544K, used 7234K [0x00000000e0000000, 0x00000000e9680000, 0x0000000100000000)
  eden space 100864K, 0% used [0x00000000e0000000,0x00000000e0000000,0x00000000e6280000)
  from space 7680K, 94% used [0x00000000e6580000,0x00000000e6c90ac8,0x00000000e6d00000)
  to   space 26624K, 0% used [0x00000000e7c80000,0x00000000e7c80000,0x00000000e9680000)
 ParOldGen       total 91136K, used 65072K [0x00000000a0000000, 0x00000000a5900000, 0x00000000e0000000)
  object space 91136K, 71% used [0x00000000a0000000,0x00000000a3f8c178,0x00000000a5900000)
 Metaspace       used 74357K, capacity 77936K, committed 78168K, reserved 1116160K
  class space    used 9778K, capacity 10561K, committed 10624K, reserved 1048576K
}
Event: 2078.414 GC heap before
{Heap before GC invocations=33 (full 3):
 PSYoungGen      total 108544K, used 108098K [0x00000000e0000000, 0x00000000e9680000, 0x0000000100000000)
  eden space 100864K, 100% used [0x00000000e0000000,0x00000000e6280000,0x00000000e6280000)
  from space 7680K, 94% used [0x00000000e6580000,0x00000000e6c90ac8,0x00000000e6d00000)
  to   space 26624K, 0% used [0x00000000e7c80000,0x00000000e7c80000,0x00000000e9680000)
 ParOldGen       total 91136K, used 65072K [0x00000000a0000000, 0x00000000a5900000, 0x00000000e0000000)
  object space 91136K, 71% used [0x00000000a0000000,0x00000000a3f8c178,0x00000000a5900000)
 Metaspace       used 74595K, capacity 78276K, committed 78424K, reserved 1118208K
  class space    used 9792K, capacity 10585K, committed 10624K, reserved 1048576K
Event: 2078.467 GC heap after
Heap after GC invocations=33 (full 3):
 PSYoungGen      total 118272K, used 7650K [0x00000000e0000000, 0x00000000e9080000, 0x0000000100000000)
  eden space 97792K, 0% used [0x00000000e0000000,0x00000000e0000000,0x00000000e5f80000)
  from space 20480K, 37% used [0x00000000e7c80000,0x00000000e83f8a98,0x00000000e9080000)
  to   space 25088K, 0% used [0x00000000e5f80000,0x00000000e5f80000,0x00000000e7800000)
 ParOldGen       total 91136K, used 65080K [0x00000000a0000000, 0x00000000a5900000, 0x00000000e0000000)
  object space 91136K, 71% used [0x00000000a0000000,0x00000000a3f8e178,0x00000000a5900000)
 Metaspace       used 74595K, capacity 78276K, committed 78424K, reserved 1118208K
  class space    used 9792K, capacity 10585K, committed 10624K, reserved 1048576K
}
Event: 2367.155 GC heap before
{Heap before GC invocations=34 (full 3):
 PSYoungGen      total 118272K, used 105442K [0x00000000e0000000, 0x00000000e9080000, 0x0000000100000000)
  eden space 97792K, 100% used [0x00000000e0000000,0x00000000e5f80000,0x00000000e5f80000)
  from space 20480K, 37% used [0x00000000e7c80000,0x00000000e83f8a98,0x00000000e9080000)
  to   space 25088K, 0% used [0x00000000e5f80000,0x00000000e5f80000,0x00000000e7800000)
 ParOldGen       total 91136K, used 65080K [0x00000000a0000000, 0x00000000a5900000, 0x00000000e0000000)
  object space 91136K, 71% used [0x00000000a0000000,0x00000000a3f8e178,0x00000000a5900000)
 Metaspace       used 74966K, capacity 78816K, committed 79064K, reserved 1118208K
  class space    used 9825K, capacity 10643K, committed 10752K, reserved 1048576K
Event: 2367.173 GC heap after
Heap after GC invocations=34 (full 3):
 PSYoungGen      total 97792K, used 2784K [0x00000000e0000000, 0x00000000e8c80000, 0x0000000100000000)
  eden space 94720K, 0% used [0x00000000e0000000,0x00000000e0000000,0x00000000e5c80000)
  from space 3072K, 90% used [0x00000000e5f80000,0x00000000e6238000,0x00000000e6280000)
  to   space 24576K, 0% used [0x00000000e7480000,0x00000000e7480000,0x00000000e8c80000)
 ParOldGen       total 91136K, used 65088K [0x00000000a0000000, 0x00000000a5900000, 0x00000000e0000000)
  object space 91136K, 71% used [0x00000000a0000000,0x00000000a3f90178,0x00000000a5900000)
 Metaspace       used 74966K, capacity 78816K, committed 79064K, reserved 1118208K
  class space    used 9825K, capacity 10643K, committed 10752K, reserved 1048576K
}
Event: 2905.547 GC heap before
{Heap before GC invocations=35 (full 3):
 PSYoungGen      total 97792K, used 97504K [0x00000000e0000000, 0x00000000e8c80000, 0x0000000100000000)
  eden space 94720K, 100% used [0x00000000e0000000,0x00000000e5c80000,0x00000000e5c80000)
  from space 3072K, 90% used [0x00000000e5f80000,0x00000000e6238000,0x00000000e6280000)
  to   space 24576K, 0% used [0x00000000e7480000,0x00000000e7480000,0x00000000e8c80000)
 ParOldGen       total 91136K, used 65088K [0x00000000a0000000, 0x00000000a5900000, 0x00000000e0000000)
  object space 91136K, 71% used [0x00000000a0000000,0x00000000a3f90178,0x00000000a5900000)
 Metaspace       used 75415K, capacity 79806K, committed 79960K, reserved 1118208K
  class space    used 9898K, capacity 10776K, committed 10880K, reserved 1048576K
Event: 2905.979 GC heap after
Heap after GC invocations=35 (full 3):
 PSYoungGen      total 110080K, used 5074K [0x00000000e0000000, 0x00000000e8680000, 0x0000000100000000)
  eden space 91648K, 0% used [0x00000000e0000000,0x00000000e0000000,0x00000000e5980000)
  from space 18432K, 27% used [0x00000000e7480000,0x00000000e7974b50,0x00000000e8680000)
  to   space 23040K, 0% used [0x00000000e5980000,0x00000000e5980000,0x00000000e7000000)
 ParOldGen       total 91136K, used 65096K [0x00000000a0000000, 0x00000000a5900000, 0x00000000e0000000)
  object space 91136K, 71% used [0x00000000a0000000,0x00000000a3f92178,0x00000000a5900000)
 Metaspace       used 75415K, capacity 79806K, committed 79960K, reserved 1118208K
  class space    used 9898K, capacity 10776K, committed 10880K, reserved 1048576K
}

