# JRE version: OpenJDK Runtime Environment (8.0_152-b01) (build 1.8.0_152-release-1343-b01)
# Java VM: OpenJDK 64-Bit Server VM (25.152-b01 mixed mode windows-amd64 compressed oops)
Heap:
 PSYoungGen      total 128000K, used 91190K [0x00000000e0000000, 0x00000000e9f00000, 0x0000000100000000)
  eden space 115712K, 69% used [0x00000000e0000000,0x00000000e4eeec98,0x00000000e7100000)
  from space 12288K, 84% used [0x00000000e7100000,0x00000000e7b1ed20,0x00000000e7d00000)
  to   space 13824K, 0% used [0x00000000e9180000,0x00000000e9180000,0x00000000e9f00000)
 ParOldGen       total 92160K, used 35508K [0x00000000a0000000, 0x00000000a5a00000, 0x00000000e0000000)
  object space 92160K, 38% used [0x00000000a0000000,0x00000000a22ad140,0x00000000a5a00000)
 Metaspace       used 66472K, capacity 68990K, committed 69080K, reserved 1110016K
  class space    used 8847K, capacity 9422K, committed 9472K, reserved 1048576K
GC Heap History (10 events):
Event: 20.131 GC heap before
{Heap before GC invocations=22 (full 2):
 PSYoungGen      total 89088K, used 89067K [0x00000000e0000000, 0x00000000e7280000, 0x0000000100000000)
  eden space 80384K, 100% used [0x00000000e0000000,0x00000000e4e80000,0x00000000e4e80000)
  from space 8704K, 99% used [0x00000000e4e80000,0x00000000e56fad10,0x00000000e5700000)
  to   space 11264K, 0% used [0x00000000e6780000,0x00000000e6780000,0x00000000e7280000)
 ParOldGen       total 55296K, used 24934K [0x00000000a0000000, 0x00000000a3600000, 0x00000000e0000000)
  object space 55296K, 45% used [0x00000000a0000000,0x00000000a1859a38,0x00000000a3600000)
 Metaspace       used 51436K, capacity 52910K, committed 53208K, reserved 1095680K
  class space    used 6936K, capacity 7331K, committed 7424K, reserved 1048576K
Event: 20.169 GC heap after
Heap after GC invocations=22 (full 2):
 PSYoungGen      total 105472K, used 7902K [0x00000000e0000000, 0x00000000e7500000, 0x0000000100000000)
  eden space 94208K, 0% used [0x00000000e0000000,0x00000000e0000000,0x00000000e5c00000)
  from space 11264K, 70% used [0x00000000e6780000,0x00000000e6f379e8,0x00000000e7280000)
  to   space 11776K, 0% used [0x00000000e5c00000,0x00000000e5c00000,0x00000000e6780000)
 ParOldGen       total 55296K, used 30049K [0x00000000a0000000, 0x00000000a3600000, 0x00000000e0000000)
  object space 55296K, 54% used [0x00000000a0000000,0x00000000a1d58530,0x00000000a3600000)
 Metaspace       used 51436K, capacity 52910K, committed 53208K, reserved 1095680K
  class space    used 6936K, capacity 7331K, committed 7424K, reserved 1048576K
}
Event: 22.821 GC heap before
{Heap before GC invocations=23 (full 2):
 PSYoungGen      total 105472K, used 102110K [0x00000000e0000000, 0x00000000e7500000, 0x0000000100000000)
  eden space 94208K, 100% used [0x00000000e0000000,0x00000000e5c00000,0x00000000e5c00000)
  from space 11264K, 70% used [0x00000000e6780000,0x00000000e6f379e8,0x00000000e7280000)
  to   space 11776K, 0% used [0x00000000e5c00000,0x00000000e5c00000,0x00000000e6780000)
 ParOldGen       total 55296K, used 30049K [0x00000000a0000000, 0x00000000a3600000, 0x00000000e0000000)
  object space 55296K, 54% used [0x00000000a0000000,0x00000000a1d58530,0x00000000a3600000)
 Metaspace       used 55991K, capacity 57774K, committed 58072K, reserved 1099776K
  class space    used 7605K, capacity 8073K, committed 8192K, reserved 1048576K
Event: 22.964 GC heap after
Heap after GC invocations=23 (full 2):
 PSYoungGen      total 105984K, used 9433K [0x00000000e0000000, 0x00000000e8b00000, 0x0000000100000000)
  eden space 94208K, 0% used [0x00000000e0000000,0x00000000e0000000,0x00000000e5c00000)
  from space 11776K, 80% used [0x00000000e5c00000,0x00000000e6536658,0x00000000e6780000)
  to   space 12800K, 0% used [0x00000000e7e80000,0x00000000e7e80000,0x00000000e8b00000)
 ParOldGen       total 55296K, used 33724K [0x00000000a0000000, 0x00000000a3600000, 0x00000000e0000000)
  object space 55296K, 60% used [0x00000000a0000000,0x00000000a20ef0a8,0x00000000a3600000)
 Metaspace       used 55991K, capacity 57774K, committed 58072K, reserved 1099776K
  class space    used 7605K, capacity 8073K, committed 8192K, reserved 1048576K
}
Event: 24.265 GC heap before
{Heap before GC invocations=24 (full 2):
 PSYoungGen      total 105984K, used 32480K [0x00000000e0000000, 0x00000000e8b00000, 0x0000000100000000)
  eden space 94208K, 24% used [0x00000000e0000000,0x00000000e1681b30,0x00000000e5c00000)
  from space 11776K, 80% used [0x00000000e5c00000,0x00000000e6536658,0x00000000e6780000)
  to   space 12800K, 0% used [0x00000000e7e80000,0x00000000e7e80000,0x00000000e8b00000)
 ParOldGen       total 55296K, used 33724K [0x00000000a0000000, 0x00000000a3600000, 0x00000000e0000000)
  object space 55296K, 60% used [0x00000000a0000000,0x00000000a20ef0a8,0x00000000a3600000)
 Metaspace       used 57122K, capacity 58856K, committed 58968K, reserved 1099776K
  class space    used 7777K, capacity 8256K, committed 8320K, reserved 1048576K
Event: 24.283 GC heap after
Heap after GC invocations=24 (full 2):
 PSYoungGen      total 126464K, used 2346K [0x00000000e0000000, 0x00000000e8900000, 0x0000000100000000)
  eden space 115712K, 0% used [0x00000000e0000000,0x00000000e0000000,0x00000000e7100000)
  from space 10752K, 21% used [0x00000000e7e80000,0x00000000e80caa88,0x00000000e8900000)
  to   space 12288K, 0% used [0x00000000e7100000,0x00000000e7100000,0x00000000e7d00000)
 ParOldGen       total 55296K, used 40229K [0x00000000a0000000, 0x00000000a3600000, 0x00000000e0000000)
  object space 55296K, 72% used [0x00000000a0000000,0x00000000a27495d8,0x00000000a3600000)
 Metaspace       used 57122K, capacity 58856K, committed 58968K, reserved 1099776K
  class space    used 7777K, capacity 8256K, committed 8320K, reserved 1048576K
}
Event: 24.283 GC heap before
{Heap before GC invocations=25 (full 3):
 PSYoungGen      total 126464K, used 2346K [0x00000000e0000000, 0x00000000e8900000, 0x0000000100000000)
  eden space 115712K, 0% used [0x00000000e0000000,0x00000000e0000000,0x00000000e7100000)
  from space 10752K, 21% used [0x00000000e7e80000,0x00000000e80caa88,0x00000000e8900000)
  to   space 12288K, 0% used [0x00000000e7100000,0x00000000e7100000,0x00000000e7d00000)
 ParOldGen       total 55296K, used 40229K [0x00000000a0000000, 0x00000000a3600000, 0x00000000e0000000)
  object space 55296K, 72% used [0x00000000a0000000,0x00000000a27495d8,0x00000000a3600000)
 Metaspace       used 57122K, capacity 58856K, committed 58968K, reserved 1099776K
  class space    used 7777K, capacity 8256K, committed 8320K, reserved 1048576K
Event: 24.675 GC heap after
Heap after GC invocations=25 (full 3):
 PSYoungGen      total 126464K, used 0K [0x00000000e0000000, 0x00000000e8900000, 0x0000000100000000)
  eden space 115712K, 0% used [0x00000000e0000000,0x00000000e0000000,0x00000000e7100000)
  from space 10752K, 0% used [0x00000000e7e80000,0x00000000e7e80000,0x00000000e8900000)
  to   space 12288K, 0% used [0x00000000e7100000,0x00000000e7100000,0x00000000e7d00000)
 ParOldGen       total 92160K, used 35500K [0x00000000a0000000, 0x00000000a5a00000, 0x00000000e0000000)
  object space 92160K, 38% used [0x00000000a0000000,0x00000000a22ab140,0x00000000a5a00000)
 Metaspace       used 57122K, capacity 58856K, committed 58968K, reserved 1099776K
  class space    used 7777K, capacity 8256K, committed 8320K, reserved 1048576K
}
Event: 39.522 GC heap before
{Heap before GC invocations=26 (full 3):
 PSYoungGen      total 126464K, used 115651K [0x00000000e0000000, 0x00000000e8900000, 0x0000000100000000)
  eden space 115712K, 99% used [0x00000000e0000000,0x00000000e70f0cd8,0x00000000e7100000)
  from space 10752K, 0% used [0x00000000e7e80000,0x00000000e7e80000,0x00000000e8900000)
  to   space 12288K, 0% used [0x00000000e7100000,0x00000000e7100000,0x00000000e7d00000)
 ParOldGen       total 92160K, used 35500K [0x00000000a0000000, 0x00000000a5a00000, 0x00000000e0000000)
  object space 92160K, 38% used [0x00000000a0000000,0x00000000a22ab140,0x00000000a5a00000)
 Metaspace       used 62976K, capacity 65386K, committed 65624K, reserved 1105920K
  class space    used 8654K, capacity 9226K, committed 9344K, reserved 1048576K
Event: 39.544 GC heap after
Heap after GC invocations=26 (full 3):
 PSYoungGen      total 128000K, used 10363K [0x00000000e0000000, 0x00000000e9f00000, 0x0000000100000000)
  eden space 115712K, 0% used [0x00000000e0000000,0x00000000e0000000,0x00000000e7100000)
  from space 12288K, 84% used [0x00000000e7100000,0x00000000e7b1ed20,0x00000000e7d00000)
  to   space 13824K, 0% used [0x00000000e9180000,0x00000000e9180000,0x00000000e9f00000)
 ParOldGen       total 92160K, used 35508K [0x00000000a0000000, 0x00000000a5a00000, 0x00000000e0000000)
  object space 92160K, 38% used [0x00000000a0000000,0x00000000a22ad140,0x00000000a5a00000)
 Metaspace       used 62976K, capacity 65386K, committed 65624K, reserved 1105920K
  class space    used 8654K, capacity 9226K, committed 9344K, reserved 1048576K
}

