# JRE version: OpenJDK Runtime Environment (8.0_152-b01) (build 1.8.0_152-release-1343-b01)
# Java VM: OpenJDK 64-Bit Server VM (25.152-b01 mixed mode windows-amd64 compressed oops)
Heap:
 PSYoungGen      total 53248K, used 12381K [0x00000000e0000000, 0x00000000e3c00000, 0x0000000100000000)
  eden space 48128K, 15% used [0x00000000e0000000,0x00000000e071c160,0x00000000e2f00000)
  from space 5120K, 99% used [0x00000000e3500000,0x00000000e39fb330,0x00000000e3a00000)
  to   space 6144K, 0% used [0x00000000e2f00000,0x00000000e2f00000,0x00000000e3500000)
 ParOldGen       total 27136K, used 9845K [0x00000000a0000000, 0x00000000a1a80000, 0x00000000e0000000)
  object space 27136K, 36% used [0x00000000a0000000,0x00000000a099d618,0x00000000a1a80000)
 Metaspace       used 28812K, capacity 29330K, committed 29568K, reserved 1075200K
  class space    used 3761K, capacity 3939K, committed 3968K, reserved 1048576K
GC Heap History (10 events):
Event: 10.792 GC heap before
{Heap before GC invocations=9 (full 0):
 PSYoungGen      total 35840K, used 33975K [0x00000000e0000000, 0x00000000e2800000, 0x0000000100000000)
  eden space 30720K, 100% used [0x00000000e0000000,0x00000000e1e00000,0x00000000e1e00000)
  from space 5120K, 63% used [0x00000000e2300000,0x00000000e262dea0,0x00000000e2800000)
  to   space 5120K, 0% used [0x00000000e1e00000,0x00000000e1e00000,0x00000000e2300000)
 ParOldGen       total 42496K, used 4897K [0x00000000a0000000, 0x00000000a2980000, 0x00000000e0000000)
  object space 42496K, 11% used [0x00000000a0000000,0x00000000a04c8450,0x00000000a2980000)
 Metaspace       used 16858K, capacity 17258K, committed 17536K, reserved 1064960K
  class space    used 2419K, capacity 2569K, committed 2688K, reserved 1048576K
Event: 10.820 GC heap after
Heap after GC invocations=9 (full 0):
 PSYoungGen      total 35840K, used 4192K [0x00000000e0000000, 0x00000000e3a00000, 0x0000000100000000)
  eden space 30720K, 0% used [0x00000000e0000000,0x00000000e0000000,0x00000000e1e00000)
  from space 5120K, 81% used [0x00000000e1e00000,0x00000000e2218278,0x00000000e2300000)
  to   space 5120K, 0% used [0x00000000e3500000,0x00000000e3500000,0x00000000e3a00000)
 ParOldGen       total 42496K, used 6082K [0x00000000a0000000, 0x00000000a2980000, 0x00000000e0000000)
  object space 42496K, 14% used [0x00000000a0000000,0x00000000a05f0810,0x00000000a2980000)
 Metaspace       used 16858K, capacity 17258K, committed 17536K, reserved 1064960K
  class space    used 2419K, capacity 2569K, committed 2688K, reserved 1048576K
}
Event: 12.296 GC heap before
{Heap before GC invocations=10 (full 0):
 PSYoungGen      total 35840K, used 34912K [0x00000000e0000000, 0x00000000e3a00000, 0x0000000100000000)
  eden space 30720K, 100% used [0x00000000e0000000,0x00000000e1e00000,0x00000000e1e00000)
  from space 5120K, 81% used [0x00000000e1e00000,0x00000000e2218278,0x00000000e2300000)
  to   space 5120K, 0% used [0x00000000e3500000,0x00000000e3500000,0x00000000e3a00000)
 ParOldGen       total 42496K, used 6082K [0x00000000a0000000, 0x00000000a2980000, 0x00000000e0000000)
  object space 42496K, 14% used [0x00000000a0000000,0x00000000a05f0810,0x00000000a2980000)
 Metaspace       used 20580K, capacity 21018K, committed 21248K, reserved 1067008K
  class space    used 2906K, capacity 3053K, committed 3072K, reserved 1048576K
Event: 12.343 GC heap after
Heap after GC invocations=10 (full 0):
 PSYoungGen      total 53248K, used 5098K [0x00000000e0000000, 0x00000000e3c00000, 0x0000000100000000)
  eden space 48128K, 0% used [0x00000000e0000000,0x00000000e0000000,0x00000000e2f00000)
  from space 5120K, 99% used [0x00000000e3500000,0x00000000e39fabb0,0x00000000e3a00000)
  to   space 6144K, 0% used [0x00000000e2f00000,0x00000000e2f00000,0x00000000e3500000)
 ParOldGen       total 42496K, used 7104K [0x00000000a0000000, 0x00000000a2980000, 0x00000000e0000000)
  object space 42496K, 16% used [0x00000000a0000000,0x00000000a06f02e8,0x00000000a2980000)
 Metaspace       used 20580K, capacity 21018K, committed 21248K, reserved 1067008K
  class space    used 2906K, capacity 3053K, committed 3072K, reserved 1048576K
}
Event: 12.355 GC heap before
{Heap before GC invocations=11 (full 0):
 PSYoungGen      total 53248K, used 6187K [0x00000000e0000000, 0x00000000e3c00000, 0x0000000100000000)
  eden space 48128K, 2% used [0x00000000e0000000,0x00000000e0110388,0x00000000e2f00000)
  from space 5120K, 99% used [0x00000000e3500000,0x00000000e39fabb0,0x00000000e3a00000)
  to   space 6144K, 0% used [0x00000000e2f00000,0x00000000e2f00000,0x00000000e3500000)
 ParOldGen       total 42496K, used 7104K [0x00000000a0000000, 0x00000000a2980000, 0x00000000e0000000)
  object space 42496K, 16% used [0x00000000a0000000,0x00000000a06f02e8,0x00000000a2980000)
 Metaspace       used 20635K, capacity 21018K, committed 21248K, reserved 1067008K
  class space    used 2906K, capacity 3053K, committed 3072K, reserved 1048576K
Event: 12.385 GC heap after
Heap after GC invocations=11 (full 0):
 PSYoungGen      total 54272K, used 162K [0x00000000e0000000, 0x00000000e3c00000, 0x0000000100000000)
  eden space 48128K, 0% used [0x00000000e0000000,0x00000000e0000000,0x00000000e2f00000)
  from space 6144K, 2% used [0x00000000e2f00000,0x00000000e2f28b30,0x00000000e3500000)
  to   space 5120K, 0% used [0x00000000e3500000,0x00000000e3500000,0x00000000e3a00000)
 ParOldGen       total 42496K, used 9567K [0x00000000a0000000, 0x00000000a2980000, 0x00000000e0000000)
  object space 42496K, 22% used [0x00000000a0000000,0x00000000a0957d50,0x00000000a2980000)
 Metaspace       used 20635K, capacity 21018K, committed 21248K, reserved 1067008K
  class space    used 2906K, capacity 3053K, committed 3072K, reserved 1048576K
}
Event: 12.385 GC heap before
{Heap before GC invocations=12 (full 1):
 PSYoungGen      total 54272K, used 162K [0x00000000e0000000, 0x00000000e3c00000, 0x0000000100000000)
  eden space 48128K, 0% used [0x00000000e0000000,0x00000000e0000000,0x00000000e2f00000)
  from space 6144K, 2% used [0x00000000e2f00000,0x00000000e2f28b30,0x00000000e3500000)
  to   space 5120K, 0% used [0x00000000e3500000,0x00000000e3500000,0x00000000e3a00000)
 ParOldGen       total 42496K, used 9567K [0x00000000a0000000, 0x00000000a2980000, 0x00000000e0000000)
  object space 42496K, 22% used [0x00000000a0000000,0x00000000a0957d50,0x00000000a2980000)
 Metaspace       used 20635K, capacity 21018K, committed 21248K, reserved 1067008K
  class space    used 2906K, capacity 3053K, committed 3072K, reserved 1048576K
Event: 12.612 GC heap after
Heap after GC invocations=12 (full 1):
 PSYoungGen      total 54272K, used 0K [0x00000000e0000000, 0x00000000e3c00000, 0x0000000100000000)
  eden space 48128K, 0% used [0x00000000e0000000,0x00000000e0000000,0x00000000e2f00000)
  from space 6144K, 0% used [0x00000000e2f00000,0x00000000e2f00000,0x00000000e3500000)
  to   space 5120K, 0% used [0x00000000e3500000,0x00000000e3500000,0x00000000e3a00000)
 ParOldGen       total 27136K, used 7050K [0x00000000a0000000, 0x00000000a1a80000, 0x00000000e0000000)
  object space 27136K, 25% used [0x00000000a0000000,0x00000000a06e28f0,0x00000000a1a80000)
 Metaspace       used 20635K, capacity 21018K, committed 21248K, reserved 1067008K
  class space    used 2906K, capacity 3053K, committed 3072K, reserved 1048576K
}
Event: 15.860 GC heap before
{Heap before GC invocations=13 (full 1):
 PSYoungGen      total 54272K, used 48128K [0x00000000e0000000, 0x00000000e3c00000, 0x0000000100000000)
  eden space 48128K, 100% used [0x00000000e0000000,0x00000000e2f00000,0x00000000e2f00000)
  from space 6144K, 0% used [0x00000000e2f00000,0x00000000e2f00000,0x00000000e3500000)
  to   space 5120K, 0% used [0x00000000e3500000,0x00000000e3500000,0x00000000e3a00000)
 ParOldGen       total 27136K, used 7050K [0x00000000a0000000, 0x00000000a1a80000, 0x00000000e0000000)
  object space 27136K, 25% used [0x00000000a0000000,0x00000000a06e28f0,0x00000000a1a80000)
 Metaspace       used 28367K, capacity 28826K, committed 29184K, reserved 1075200K
  class space    used 3693K, capacity 3839K, committed 3840K, reserved 1048576K
Event: 15.898 GC heap after
Heap after GC invocations=13 (full 1):
 PSYoungGen      total 53248K, used 5100K [0x00000000e0000000, 0x00000000e3c00000, 0x0000000100000000)
  eden space 48128K, 0% used [0x00000000e0000000,0x00000000e0000000,0x00000000e2f00000)
  from space 5120K, 99% used [0x00000000e3500000,0x00000000e39fb330,0x00000000e3a00000)
  to   space 6144K, 0% used [0x00000000e2f00000,0x00000000e2f00000,0x00000000e3500000)
 ParOldGen       total 27136K, used 9845K [0x00000000a0000000, 0x00000000a1a80000, 0x00000000e0000000)
  object space 27136K, 36% used [0x00000000a0000000,0x00000000a099d618,0x00000000a1a80000)
 Metaspace       used 28367K, capacity 28826K, committed 29184K, reserved 1075200K
  class space    used 3693K, capacity 3839K, committed 3840K, reserved 1048576K
}

