# JRE version: OpenJDK Runtime Environment (8.0_152-b01) (build 1.8.0_152-release-1343-b01)
# Java VM: OpenJDK 64-Bit Server VM (25.152-b01 mixed mode windows-amd64 compressed oops)
Heap:
 PSYoungGen      total 143360K, used 76571K [0x00000000e0000000, 0x00000000eb480000, 0x0000000100000000)
  eden space 128512K, 59% used [0x00000000e0000000,0x00000000e4ac6c00,0x00000000e7d80000)
  from space 14848K, 0% used [0x00000000e7d80000,0x00000000e7d80000,0x00000000e8c00000)
  to   space 14848K, 0% used [0x00000000ea600000,0x00000000ea600000,0x00000000eb480000)
 ParOldGen       total 53248K, used 35362K [0x00000000a0000000, 0x00000000a3400000, 0x00000000e0000000)
  object space 53248K, 66% used [0x00000000a0000000,0x00000000a2288820,0x00000000a3400000)
 Metaspace       used 61230K, capacity 63514K, committed 63832K, reserved 1103872K
  class space    used 8438K, capacity 8995K, committed 9088K, reserved 1048576K
GC Heap History (10 events):
Event: 19.502 GC heap before
{Heap before GC invocations=18 (full 2):
 PSYoungGen      total 94208K, used 87040K [0x00000000e0000000, 0x00000000e7f00000, 0x0000000100000000)
  eden space 87040K, 100% used [0x00000000e0000000,0x00000000e5500000,0x00000000e5500000)
  from space 7168K, 0% used [0x00000000e5500000,0x00000000e5500000,0x00000000e5c00000)
  to   space 7168K, 0% used [0x00000000e7800000,0x00000000e7800000,0x00000000e7f00000)
 ParOldGen       total 53248K, used 15315K [0x00000000a0000000, 0x00000000a3400000, 0x00000000e0000000)
  object space 53248K, 28% used [0x00000000a0000000,0x00000000a0ef4c18,0x00000000a3400000)
 Metaspace       used 43488K, capacity 44548K, committed 44760K, reserved 1087488K
  class space    used 5831K, capacity 6079K, committed 6144K, reserved 1048576K
Event: 19.537 GC heap after
Heap after GC invocations=18 (full 2):
 PSYoungGen      total 117248K, used 7149K [0x00000000e0000000, 0x00000000e7f00000, 0x0000000100000000)
  eden space 110080K, 0% used [0x00000000e0000000,0x00000000e0000000,0x00000000e6b80000)
  from space 7168K, 99% used [0x00000000e7800000,0x00000000e7efb5b8,0x00000000e7f00000)
  to   space 9728K, 0% used [0x00000000e6c00000,0x00000000e6c00000,0x00000000e7580000)
 ParOldGen       total 53248K, used 19563K [0x00000000a0000000, 0x00000000a3400000, 0x00000000e0000000)
  object space 53248K, 36% used [0x00000000a0000000,0x00000000a131afc8,0x00000000a3400000)
 Metaspace       used 43488K, capacity 44548K, committed 44760K, reserved 1087488K
  class space    used 5831K, capacity 6079K, committed 6144K, reserved 1048576K
}
Event: 21.893 GC heap before
{Heap before GC invocations=19 (full 2):
 PSYoungGen      total 117248K, used 117229K [0x00000000e0000000, 0x00000000e7f00000, 0x0000000100000000)
  eden space 110080K, 100% used [0x00000000e0000000,0x00000000e6b80000,0x00000000e6b80000)
  from space 7168K, 99% used [0x00000000e7800000,0x00000000e7efb5b8,0x00000000e7f00000)
  to   space 9728K, 0% used [0x00000000e6c00000,0x00000000e6c00000,0x00000000e7580000)
 ParOldGen       total 53248K, used 19563K [0x00000000a0000000, 0x00000000a3400000, 0x00000000e0000000)
  object space 53248K, 36% used [0x00000000a0000000,0x00000000a131afc8,0x00000000a3400000)
 Metaspace       used 49362K, capacity 50778K, committed 51032K, reserved 1093632K
  class space    used 6633K, capacity 7004K, committed 7040K, reserved 1048576K
Event: 21.925 GC heap after
Heap after GC invocations=19 (full 2):
 PSYoungGen      total 120320K, used 9697K [0x00000000e0000000, 0x00000000e9980000, 0x0000000100000000)
  eden space 110592K, 0% used [0x00000000e0000000,0x00000000e0000000,0x00000000e6c00000)
  from space 9728K, 99% used [0x00000000e6c00000,0x00000000e7578428,0x00000000e7580000)
  to   space 13824K, 0% used [0x00000000e8c00000,0x00000000e8c00000,0x00000000e9980000)
 ParOldGen       total 53248K, used 26223K [0x00000000a0000000, 0x00000000a3400000, 0x00000000e0000000)
  object space 53248K, 49% used [0x00000000a0000000,0x00000000a199bf38,0x00000000a3400000)
 Metaspace       used 49362K, capacity 50778K, committed 51032K, reserved 1093632K
  class space    used 6633K, capacity 7004K, committed 7040K, reserved 1048576K
}
Event: 23.834 GC heap before
{Heap before GC invocations=20 (full 2):
 PSYoungGen      total 120320K, used 120289K [0x00000000e0000000, 0x00000000e9980000, 0x0000000100000000)
  eden space 110592K, 100% used [0x00000000e0000000,0x00000000e6c00000,0x00000000e6c00000)
  from space 9728K, 99% used [0x00000000e6c00000,0x00000000e7578428,0x00000000e7580000)
  to   space 13824K, 0% used [0x00000000e8c00000,0x00000000e8c00000,0x00000000e9980000)
 ParOldGen       total 53248K, used 26223K [0x00000000a0000000, 0x00000000a3400000, 0x00000000e0000000)
  object space 53248K, 49% used [0x00000000a0000000,0x00000000a199bf38,0x00000000a3400000)
 Metaspace       used 55775K, capacity 57530K, committed 57688K, reserved 1099776K
  class space    used 7557K, capacity 7969K, committed 8064K, reserved 1048576K
Event: 23.917 GC heap after
Heap after GC invocations=20 (full 2):
 PSYoungGen      total 142336K, used 11290K [0x00000000e0000000, 0x00000000ea080000, 0x0000000100000000)
  eden space 128512K, 0% used [0x00000000e0000000,0x00000000e0000000,0x00000000e7d80000)
  from space 13824K, 81% used [0x00000000e8c00000,0x00000000e9706b88,0x00000000e9980000)
  to   space 14848K, 0% used [0x00000000e7d80000,0x00000000e7d80000,0x00000000e8c00000)
 ParOldGen       total 53248K, used 33372K [0x00000000a0000000, 0x00000000a3400000, 0x00000000e0000000)
  object space 53248K, 62% used [0x00000000a0000000,0x00000000a2097270,0x00000000a3400000)
 Metaspace       used 55775K, capacity 57530K, committed 57688K, reserved 1099776K
  class space    used 7557K, capacity 7969K, committed 8064K, reserved 1048576K
}
Event: 25.429 GC heap before
{Heap before GC invocations=21 (full 2):
 PSYoungGen      total 142336K, used 49920K [0x00000000e0000000, 0x00000000ea080000, 0x0000000100000000)
  eden space 128512K, 30% used [0x00000000e0000000,0x00000000e25b9590,0x00000000e7d80000)
  from space 13824K, 81% used [0x00000000e8c00000,0x00000000e9706b88,0x00000000e9980000)
  to   space 14848K, 0% used [0x00000000e7d80000,0x00000000e7d80000,0x00000000e8c00000)
 ParOldGen       total 53248K, used 33372K [0x00000000a0000000, 0x00000000a3400000, 0x00000000e0000000)
  object space 53248K, 62% used [0x00000000a0000000,0x00000000a2097270,0x00000000a3400000)
 Metaspace       used 57011K, capacity 58804K, committed 58968K, reserved 1099776K
  class space    used 7754K, capacity 8219K, committed 8320K, reserved 1048576K
Event: 25.448 GC heap after
Heap after GC invocations=21 (full 2):
 PSYoungGen      total 143360K, used 3306K [0x00000000e0000000, 0x00000000eb480000, 0x0000000100000000)
  eden space 128512K, 0% used [0x00000000e0000000,0x00000000e0000000,0x00000000e7d80000)
  from space 14848K, 22% used [0x00000000e7d80000,0x00000000e80baa88,0x00000000e8c00000)
  to   space 14848K, 0% used [0x00000000ea600000,0x00000000ea600000,0x00000000eb480000)
 ParOldGen       total 53248K, used 39249K [0x00000000a0000000, 0x00000000a3400000, 0x00000000e0000000)
  object space 53248K, 73% used [0x00000000a0000000,0x00000000a2654790,0x00000000a3400000)
 Metaspace       used 57011K, capacity 58804K, committed 58968K, reserved 1099776K
  class space    used 7754K, capacity 8219K, committed 8320K, reserved 1048576K
}
Event: 25.448 GC heap before
{Heap before GC invocations=22 (full 3):
 PSYoungGen      total 143360K, used 3306K [0x00000000e0000000, 0x00000000eb480000, 0x0000000100000000)
  eden space 128512K, 0% used [0x00000000e0000000,0x00000000e0000000,0x00000000e7d80000)
  from space 14848K, 22% used [0x00000000e7d80000,0x00000000e80baa88,0x00000000e8c00000)
  to   space 14848K, 0% used [0x00000000ea600000,0x00000000ea600000,0x00000000eb480000)
 ParOldGen       total 53248K, used 39249K [0x00000000a0000000, 0x00000000a3400000, 0x00000000e0000000)
  object space 53248K, 73% used [0x00000000a0000000,0x00000000a2654790,0x00000000a3400000)
 Metaspace       used 57011K, capacity 58804K, committed 58968K, reserved 1099776K
  class space    used 7754K, capacity 8219K, committed 8320K, reserved 1048576K
Event: 25.776 GC heap after
Heap after GC invocations=22 (full 3):
 PSYoungGen      total 143360K, used 0K [0x00000000e0000000, 0x00000000eb480000, 0x0000000100000000)
  eden space 128512K, 0% used [0x00000000e0000000,0x00000000e0000000,0x00000000e7d80000)
  from space 14848K, 0% used [0x00000000e7d80000,0x00000000e7d80000,0x00000000e8c00000)
  to   space 14848K, 0% used [0x00000000ea600000,0x00000000ea600000,0x00000000eb480000)
 ParOldGen       total 53248K, used 35362K [0x00000000a0000000, 0x00000000a3400000, 0x00000000e0000000)
  object space 53248K, 66% used [0x00000000a0000000,0x00000000a2288820,0x00000000a3400000)
 Metaspace       used 57011K, capacity 58804K, committed 58968K, reserved 1099776K
  class space    used 7754K, capacity 8219K, committed 8320K, reserved 1048576K
}

